

================================================================
== Vivado HLS Report for 'scaled_fixed2ieee'
================================================================
* Date:           Tue Oct  3 20:11:55 2017

* Version:        2017.2 (Build 1909853 on Wed Aug 09 16:50:22 MDT 2017)
* Project:        coprocess
* Solution:       example
* Product family: zynq
* Target device:  xc7z020clg484-1


================================================================
== Performance Estimates
================================================================
+ Timing (ns): 
    * Summary: 
    +--------+-------+----------+------------+
    |  Clock | Target| Estimated| Uncertainty|
    +--------+-------+----------+------------+
    |ap_clk  |  10.00|      8.08|        1.25|
    +--------+-------+----------+------------+

+ Latency (clock cycles): 
    * Summary: 
    +-----+-----+-----+-----+---------+
    |  Latency  |  Interval | Pipeline|
    | min | max | min | max |   Type  |
    +-----+-----+-----+-----+---------+
    |    7|   11|    7|   11|   none  |
    +-----+-----+-----+-----+---------+

    + Detail: 
        * Instance: 
        N/A

        * Loop: 
        +----------+-----+-----+----------+-----------+-----------+-------+----------+
        |          |  Latency  | Iteration|  Initiation Interval  |  Trip |          |
        | Loop Name| min | max |  Latency |  achieved |   target  | Count | Pipelined|
        +----------+-----+-----+----------+-----------+-----------+-------+----------+
        |- Loop 1  |    2|    2|         1|          -|          -|      2|    no    |
        |- Loop 2  |    2|    5|         2|          -|          -| 1 ~ 2 |    no    |
        +----------+-----+-----+----------+-----------+-----------+-------+----------+

============================================================
+ Verbose Summary: Synthesis Manager
============================================================
InlineROM: 1
ExposeGlobal: 1
============================================================
+ Verbose Summary: CDFG Model
============================================================
IsTopModel: 0
ResetActiveHigh: 1
IsCombinational: 0
IsDatapathOnly: 0
HasWiredReturn: 1
HasMFsm: 0
HasVarLatency: 1
IsPipeline: 0
IsRtlPipelined: 0
IsInstanceOverlapped: 0
IsDontTouch: 0
HasImplIP: 0
IsGatedGlobalClock: 0


============================================================
+ Verbose Summary: Schedule
============================================================
* Number of FSM states: 5
* Pipeline: 0
* Dataflow Pipeline: 0

* FSM state transitions: 
1 --> 
	2  / true
2 --> 
	2  / (!exitcond)
	3  / (exitcond)
3 --> 
	4  / true
4 --> 
	3  / (!tmp_24 & tmp_2)
	5  / (tmp_24) | (!tmp_2)
5 --> 
* FSM state operations: 

 <State 1>: 1.59ns
ST_1: prescale_read (3)  [1/1] 0.00ns
.preheader.preheader:0  %prescale_read = call i9 @_ssdm_op_Read.ap_auto.i9(i9 %prescale)

ST_1: in_V_read (4)  [1/1] 0.00ns
.preheader.preheader:1  %in_V_read = call i29 @_ssdm_op_Read.ap_auto.i29(i29 %in_V)

ST_1: p_Result_1 (5)  [1/1] 0.00ns  loc: r:/builds/2017.2.1/continuous/2017_08_09_1957588/src/products/hls/hls_lib/src/hls/utils/x_hls_float_utils.h:296
.preheader.preheader:2  %p_Result_1 = call i16 @_ssdm_op_PartSelect.i16.i29.i32.i32(i29 %in_V_read, i32 13, i32 28)

ST_1: tmp (6)  [1/1] 0.00ns  loc: r:/builds/2017.2.1/continuous/2017_08_09_1957588/src/products/hls/hls_lib/src/hls/utils/x_hls_float_utils.h:297
.preheader.preheader:3  %tmp = call i17 @_ssdm_op_BitConcatenate.i17.i16.i1(i16 %p_Result_1, i1 true)

ST_1: out_bits_0_V (7)  [1/1] 0.00ns  loc: r:/builds/2017.2.1/continuous/2017_08_09_1957588/src/products/hls/hls_lib/src/hls/utils/x_hls_float_utils.h:297
.preheader.preheader:4  %out_bits_0_V = call i32 @_ssdm_op_PartSet.i32.i32.i17.i32.i32(i32 undef, i17 %tmp, i32 15, i32 31)

ST_1: tmp_22 (8)  [1/1] 0.00ns  loc: r:/builds/2017.2.1/continuous/2017_08_09_1957588/src/products/hls/hls_lib/src/hls/utils/x_hls_float_utils.h:300
.preheader.preheader:5  %tmp_22 = trunc i29 %in_V_read to i13

ST_1: tmp_5 (9)  [1/1] 0.00ns  loc: r:/builds/2017.2.1/continuous/2017_08_09_1957588/src/products/hls/hls_lib/src/hls/utils/x_hls_float_utils.h:301
.preheader.preheader:6  %tmp_5 = call i14 @_ssdm_op_BitConcatenate.i14.i13.i1(i13 %tmp_22, i1 true)

ST_1: p_Result_s (10)  [1/1] 0.00ns  loc: r:/builds/2017.2.1/continuous/2017_08_09_1957588/src/products/hls/hls_lib/src/hls/utils/x_hls_float_utils.h:301
.preheader.preheader:7  %p_Result_s = call i32 @_ssdm_op_PartSet.i32.i32.i14.i32.i32(i32 undef, i14 %tmp_5, i32 18, i32 31)

ST_1: StgValue_14 (11)  [1/1] 1.59ns  loc: r:/builds/2017.2.1/continuous/2017_08_09_1957588/src/products/hls/hls_lib/src/hls/utils/x_hls_float_utils.h:305
.preheader.preheader:8  br label %0


 <State 2>: 7.54ns
ST_2: c_0_s (13)  [1/1] 0.00ns
:0  %c_0_s = phi i32 [ undef, %.preheader.preheader ], [ %c_1_1, %1 ]

ST_2: c_1_s (14)  [1/1] 0.00ns
:1  %c_1_s = phi i32 [ undef, %.preheader.preheader ], [ %c_1_2, %1 ]

ST_2: i1 (15)  [1/1] 0.00ns
:2  %i1 = phi i2 [ 0, %.preheader.preheader ], [ %i, %1 ]

ST_2: exitcond (16)  [1/1] 2.07ns  loc: r:/builds/2017.2.1/continuous/2017_08_09_1957588/src/products/hls/hls_lib/src/hls/utils/x_hls_float_utils.h:305
:3  %exitcond = icmp eq i2 %i1, -2

ST_2: empty (17)  [1/1] 0.00ns
:4  %empty = call i32 (...)* @_ssdm_op_SpecLoopTripCount(i64 2, i64 2, i64 2)

ST_2: i (18)  [1/1] 2.17ns  loc: r:/builds/2017.2.1/continuous/2017_08_09_1957588/src/products/hls/hls_lib/src/hls/utils/x_hls_float_utils.h:305
:5  %i = add i2 %i1, 1

ST_2: StgValue_21 (19)  [1/1] 0.00ns  loc: r:/builds/2017.2.1/continuous/2017_08_09_1957588/src/products/hls/hls_lib/src/hls/utils/x_hls_float_utils.h:305
:6  br i1 %exitcond, label %.preheader3.preheader, label %1

ST_2: tmp_23 (21)  [1/1] 0.00ns  loc: r:/builds/2017.2.1/continuous/2017_08_09_1957588/src/products/hls/hls_lib/src/hls/utils/x_hls_float_utils.h:305
:0  %tmp_23 = trunc i2 %i1 to i1

ST_2: tmp_4 (22)  [1/1] 0.00ns  loc: r:/builds/2017.2.1/continuous/2017_08_09_1957588/src/products/hls/hls_lib/src/hls/hls_normalize.h:106->r:/builds/2017.2.1/continuous/2017_08_09_1957588/src/products/hls/hls_lib/src/hls/utils/x_hls_float_utils.h:306
:1  %tmp_4 = call i32 @_ssdm_op_PartSelect.i32.i32.i32.i32(i32 %p_Result_s, i32 31, i32 0)

ST_2: tmp_7 (23)  [1/1] 0.00ns  loc: r:/builds/2017.2.1/continuous/2017_08_09_1957588/src/products/hls/hls_lib/src/hls/hls_normalize.h:106->r:/builds/2017.2.1/continuous/2017_08_09_1957588/src/products/hls/hls_lib/src/hls/utils/x_hls_float_utils.h:306
:2  %tmp_7 = call i32 @_ssdm_op_PartSelect.i32.i32.i32.i32(i32 %out_bits_0_V, i32 31, i32 0)

ST_2: p_Result_29 (24)  [1/1] 2.07ns  loc: r:/builds/2017.2.1/continuous/2017_08_09_1957588/src/products/hls/hls_lib/src/hls/utils/x_hls_float_utils.h:306
:3  %p_Result_29 = select i1 %tmp_23, i32 %tmp_4, i32 %tmp_7

ST_2: c_0 (25)  [1/1] 3.40ns  loc: r:/builds/2017.2.1/continuous/2017_08_09_1957588/src/products/hls/hls_lib/src/hls/hls_normalize.h:106->r:/builds/2017.2.1/continuous/2017_08_09_1957588/src/products/hls/hls_lib/src/hls/utils/x_hls_float_utils.h:306
:4  %c_0 = call i32 @llvm.cttz.i32(i32 %p_Result_29, i1 true) nounwind

ST_2: c_1_1 (26)  [1/1] 2.07ns  loc: r:/builds/2017.2.1/continuous/2017_08_09_1957588/src/products/hls/hls_lib/src/hls/utils/x_hls_float_utils.h:306
:5  %c_1_1 = select i1 %tmp_23, i32 %c_0_s, i32 %c_0

ST_2: c_1_2 (27)  [1/1] 2.07ns  loc: r:/builds/2017.2.1/continuous/2017_08_09_1957588/src/products/hls/hls_lib/src/hls/utils/x_hls_float_utils.h:306
:6  %c_1_2 = select i1 %tmp_23, i32 %c_0, i32 %c_1_s

ST_2: StgValue_29 (28)  [1/1] 0.00ns  loc: r:/builds/2017.2.1/continuous/2017_08_09_1957588/src/products/hls/hls_lib/src/hls/utils/x_hls_float_utils.h:305
:7  br label %0

ST_2: StgValue_30 (30)  [1/1] 1.59ns  loc: r:/builds/2017.2.1/continuous/2017_08_09_1957588/src/products/hls/hls_lib/src/hls/utils/x_hls_float_utils.h:312
.preheader3.preheader:0  br label %.preheader3


 <State 3>: 4.97ns
ST_3: in_shift (32)  [1/1] 0.00ns
.preheader3:0  %in_shift = phi i29 [ %in_shift_V, %"operator<<.exit" ], [ %in_V_read, %.preheader3.preheader ]

ST_3: shift (33)  [1/1] 0.00ns
.preheader3:1  %shift = phi i32 [ %shift_2, %"operator<<.exit" ], [ 0, %.preheader3.preheader ]

ST_3: i2 (34)  [1/1] 0.00ns
.preheader3:2  %i2 = phi i2 [ %i_1, %"operator<<.exit" ], [ 0, %.preheader3.preheader ]

ST_3: tmp_24 (35)  [1/1] 0.00ns  loc: r:/builds/2017.2.1/continuous/2017_08_09_1957588/src/products/hls/hls_lib/src/hls/utils/x_hls_float_utils.h:312
.preheader3:3  %tmp_24 = call i1 @_ssdm_op_BitSelect.i1.i2.i32(i2 %i2, i32 1)

ST_3: empty_30 (36)  [1/1] 0.00ns
.preheader3:4  %empty_30 = call i32 (...)* @_ssdm_op_SpecLoopTripCount(i64 1, i64 2, i64 1)

ST_3: i_1 (37)  [1/1] 2.17ns  loc: r:/builds/2017.2.1/continuous/2017_08_09_1957588/src/products/hls/hls_lib/src/hls/utils/x_hls_float_utils.h:312
.preheader3:5  %i_1 = add i2 %i2, 1

ST_3: StgValue_37 (38)  [1/1] 1.59ns  loc: r:/builds/2017.2.1/continuous/2017_08_09_1957588/src/products/hls/hls_lib/src/hls/utils/x_hls_float_utils.h:312
.preheader3:6  br i1 %tmp_24, label %.loopexit_ifconv, label %"operator<<.exit"

ST_3: tmp_25 (40)  [1/1] 0.00ns  loc: r:/builds/2017.2.1/continuous/2017_08_09_1957588/src/products/hls/hls_lib/src/hls/utils/x_hls_float_utils.h:312
operator<<.exit:0  %tmp_25 = trunc i2 %i2 to i1

ST_3: sh_assign (41)  [1/1] 2.07ns  loc: r:/builds/2017.2.1/continuous/2017_08_09_1957588/src/products/hls/hls_lib/src/hls/utils/x_hls_float_utils.h:313
operator<<.exit:1  %sh_assign = select i1 %tmp_25, i32 %c_1_s, i32 %c_0_s

ST_3: isNeg (43)  [1/1] 0.00ns  loc: r:/builds/2017.2.1/continuous/2017_08_09_1957588/src/products/hls/hls_lib/src/hls/utils/x_hls_float_utils.h:314
operator<<.exit:3  %isNeg = call i1 @_ssdm_op_BitSelect.i1.i32.i32(i32 %sh_assign, i32 31)

ST_3: tmp_8 (44)  [1/1] 2.90ns  loc: r:/builds/2017.2.1/continuous/2017_08_09_1957588/src/products/hls/hls_lib/src/hls/utils/x_hls_float_utils.h:314
operator<<.exit:4  %tmp_8 = sub nsw i32 0, %sh_assign


 <State 4>: 8.08ns
ST_4: shift_2 (42)  [1/1] 2.90ns  loc: r:/builds/2017.2.1/continuous/2017_08_09_1957588/src/products/hls/hls_lib/src/hls/utils/x_hls_float_utils.h:313
operator<<.exit:2  %shift_2 = add nsw i32 %shift, %sh_assign

ST_4: sh_assign_1 (45)  [1/1] 2.07ns  loc: r:/builds/2017.2.1/continuous/2017_08_09_1957588/src/products/hls/hls_lib/src/hls/utils/x_hls_float_utils.h:314
operator<<.exit:5  %sh_assign_1 = select i1 %isNeg, i32 %tmp_8, i32 %sh_assign

ST_4: tmp_9 (46)  [1/1] 0.00ns  loc: r:/builds/2017.2.1/continuous/2017_08_09_1957588/src/products/hls/hls_lib/src/hls/utils/x_hls_float_utils.h:314
operator<<.exit:6  %tmp_9 = zext i29 %in_shift to i32

ST_4: tmp_s (47)  [1/1] 0.00ns  loc: r:/builds/2017.2.1/continuous/2017_08_09_1957588/src/products/hls/hls_lib/src/hls/utils/x_hls_float_utils.h:314 (grouped into LUT with out node in_shift_V)
operator<<.exit:7  %tmp_s = shl i32 %tmp_9, %sh_assign_1

ST_4: tmp_1 (48)  [1/1] 0.00ns  loc: r:/builds/2017.2.1/continuous/2017_08_09_1957588/src/products/hls/hls_lib/src/hls/utils/x_hls_float_utils.h:314 (grouped into LUT with out node in_shift_V)
operator<<.exit:8  %tmp_1 = lshr i32 %tmp_9, %sh_assign_1

ST_4: tmp_27 (49)  [1/1] 0.00ns  loc: r:/builds/2017.2.1/continuous/2017_08_09_1957588/src/products/hls/hls_lib/src/hls/utils/x_hls_float_utils.h:314 (grouped into LUT with out node in_shift_V)
operator<<.exit:9  %tmp_27 = trunc i32 %tmp_1 to i29

ST_4: tmp_28 (50)  [1/1] 0.00ns  loc: r:/builds/2017.2.1/continuous/2017_08_09_1957588/src/products/hls/hls_lib/src/hls/utils/x_hls_float_utils.h:314 (grouped into LUT with out node in_shift_V)
operator<<.exit:10  %tmp_28 = trunc i32 %tmp_s to i29

ST_4: in_shift_V (51)  [1/1] 4.42ns  loc: r:/builds/2017.2.1/continuous/2017_08_09_1957588/src/products/hls/hls_lib/src/hls/utils/x_hls_float_utils.h:314 (out node of the LUT)
operator<<.exit:11  %in_shift_V = select i1 %isNeg, i29 %tmp_27, i29 %tmp_28

ST_4: tmp_2 (52)  [1/1] 3.26ns  loc: r:/builds/2017.2.1/continuous/2017_08_09_1957588/src/products/hls/hls_lib/src/hls/utils/x_hls_float_utils.h:315
operator<<.exit:12  %tmp_2 = icmp eq i32 %sh_assign, 16

ST_4: StgValue_51 (53)  [1/1] 1.59ns  loc: r:/builds/2017.2.1/continuous/2017_08_09_1957588/src/products/hls/hls_lib/src/hls/utils/x_hls_float_utils.h:315
operator<<.exit:13  br i1 %tmp_2, label %.preheader3, label %.loopexit_ifconv

ST_4: tmp_3 (57)  [1/1] 2.32ns  loc: r:/builds/2017.2.1/continuous/2017_08_09_1957588/src/products/hls/hls_lib/src/hls/utils/x_hls_float_utils.h:323
.loopexit_ifconv:2  %tmp_3 = sub i9 127, %prescale_read

ST_4: tmp_6 (61)  [1/1] 3.26ns  loc: r:/builds/2017.2.1/continuous/2017_08_09_1957588/src/products/hls/hls_lib/src/hls/utils/x_hls_float_utils.h:329
.loopexit_ifconv:6  %tmp_6 = icmp eq i29 %in_V_read, 0


 <State 5>: 7.04ns
ST_5: p_Val2_s (55)  [1/1] 0.00ns (grouped into LUT with out node p_Val2_22)
.loopexit_ifconv:0  %p_Val2_s = phi i29 [ %in_shift, %.preheader3 ], [ %in_shift_V, %"operator<<.exit" ]

ST_5: shift_1 (56)  [1/1] 0.00ns (grouped into LUT with out node newexp)
.loopexit_ifconv:1  %shift_1 = phi i32 [ %shift, %.preheader3 ], [ %shift_2, %"operator<<.exit" ]

ST_5: tmp_3_cast (58)  [1/1] 0.00ns  loc: r:/builds/2017.2.1/continuous/2017_08_09_1957588/src/products/hls/hls_lib/src/hls/utils/x_hls_float_utils.h:323 (grouped into LUT with out node newexp)
.loopexit_ifconv:3  %tmp_3_cast = sext i9 %tmp_3 to i32

ST_5: newexp (59)  [1/1] 2.90ns  loc: r:/builds/2017.2.1/continuous/2017_08_09_1957588/src/products/hls/hls_lib/src/hls/utils/x_hls_float_utils.h:323 (out node of the LUT)
.loopexit_ifconv:4  %newexp = sub i32 %tmp_3_cast, %shift_1

ST_5: tmp_30 (60)  [1/1] 0.00ns  loc: r:/builds/2017.2.1/continuous/2017_08_09_1957588/src/products/hls/hls_lib/src/hls/utils/x_hls_float_utils.h:329
.loopexit_ifconv:5  %tmp_30 = call i1 @_ssdm_op_BitSelect.i1.i32.i32(i32 %newexp, i32 31)

ST_5: or_cond (62)  [1/1] 2.07ns  loc: r:/builds/2017.2.1/continuous/2017_08_09_1957588/src/products/hls/hls_lib/src/hls/utils/x_hls_float_utils.h:329
.loopexit_ifconv:7  %or_cond = or i1 %tmp_30, %tmp_6

ST_5: tmp_31 (63)  [1/1] 0.00ns  loc: r:/builds/2017.2.1/continuous/2017_08_09_1957588/src/products/hls/hls_lib/src/hls/utils/x_hls_float_utils.h:323
.loopexit_ifconv:8  %tmp_31 = trunc i32 %newexp to i8

ST_5: phitmp2 (64)  [1/1] 0.00ns  loc: r:/builds/2017.2.1/continuous/2017_08_09_1957588/src/products/hls/hls_lib/src/hls/utils/x_hls_float_utils.h:314 (grouped into LUT with out node p_Val2_22)
.loopexit_ifconv:9  %phitmp2 = call i23 @_ssdm_op_PartSelect.i23.i29.i32.i32(i29 %p_Val2_s, i32 5, i32 27)

ST_5: p_Val2_22 (65)  [1/1] 2.07ns  loc: r:/builds/2017.2.1/continuous/2017_08_09_1957588/src/products/hls/hls_lib/src/hls/utils/x_hls_utils.h:360->r:/builds/2017.2.1/continuous/2017_08_09_1957588/src/products/hls/hls_lib/src/hls/utils/x_hls_float_utils.h:339 (out node of the LUT)
.loopexit_ifconv:10  %p_Val2_22 = select i1 %or_cond, i23 0, i23 %phitmp2

ST_5: out_exp_V (66)  [1/1] 2.07ns  loc: r:/builds/2017.2.1/continuous/2017_08_09_1957588/src/products/hls/hls_lib/src/hls/utils/x_hls_float_utils.h:340
.loopexit_ifconv:11  %out_exp_V = select i1 %or_cond, i8 0, i8 %tmp_31

ST_5: p_Result_30 (67)  [1/1] 0.00ns  loc: r:/builds/2017.2.1/continuous/2017_08_09_1957588/src/products/hls/hls_lib/src/hls/utils/x_hls_utils.h:336->r:/builds/2017.2.1/continuous/2017_08_09_1957588/src/products/hls/hls_lib/src/hls/utils/x_hls_utils.h:349->r:/builds/2017.2.1/continuous/2017_08_09_1957588/src/products/hls/hls_lib/src/hls/utils/x_hls_utils.h:370->r:/builds/2017.2.1/continuous/2017_08_09_1957588/src/products/hls/hls_lib/src/hls/utils/x_hls_float_utils.h:341
.loopexit_ifconv:12  %p_Result_30 = call i32 @_ssdm_op_BitConcatenate.i32.i1.i8.i23(i1 false, i8 %out_exp_V, i23 %p_Val2_22)

ST_5: result_write_assign (68)  [1/1] 0.00ns  loc: r:/builds/2017.2.1/continuous/2017_08_09_1957588/src/products/hls/hls_lib/src/hls/utils/x_hls_utils.h:349->r:/builds/2017.2.1/continuous/2017_08_09_1957588/src/products/hls/hls_lib/src/hls/utils/x_hls_utils.h:370->r:/builds/2017.2.1/continuous/2017_08_09_1957588/src/products/hls/hls_lib/src/hls/utils/x_hls_float_utils.h:341
.loopexit_ifconv:13  %result_write_assign = bitcast i32 %p_Result_30 to float

ST_5: StgValue_66 (69)  [1/1] 0.00ns  loc: r:/builds/2017.2.1/continuous/2017_08_09_1957588/src/products/hls/hls_lib/src/hls/utils/x_hls_float_utils.h:342
.loopexit_ifconv:14  ret float %result_write_assign



============================================================
+ Verbose Summary: Timing violations
============================================================
Target clock period: 10ns, clock uncertainty: 1.25ns.

 <State 1>: 1.59ns
The critical path consists of the following:
	multiplexor before 'phi' operation ('c[1]') with incoming values : ('c[1]', r:/builds/2017.2.1/continuous/2017_08_09_1957588/src/products/hls/hls_lib/src/hls/utils/x_hls_float_utils.h:306) [13]  (1.59 ns)

 <State 2>: 7.54ns
The critical path consists of the following:
	'phi' operation ('i') with incoming values : ('i', r:/builds/2017.2.1/continuous/2017_08_09_1957588/src/products/hls/hls_lib/src/hls/utils/x_hls_float_utils.h:305) [15]  (0 ns)
	'select' operation ('__Result__', r:/builds/2017.2.1/continuous/2017_08_09_1957588/src/products/hls/hls_lib/src/hls/utils/x_hls_float_utils.h:306) [24]  (2.07 ns)
	'cttz' operation ('c[0]', r:/builds/2017.2.1/continuous/2017_08_09_1957588/src/products/hls/hls_lib/src/hls/hls_normalize.h:106->r:/builds/2017.2.1/continuous/2017_08_09_1957588/src/products/hls/hls_lib/src/hls/utils/x_hls_float_utils.h:306) [25]  (3.4 ns)
	'select' operation ('c[1]', r:/builds/2017.2.1/continuous/2017_08_09_1957588/src/products/hls/hls_lib/src/hls/utils/x_hls_float_utils.h:306) [26]  (2.07 ns)

 <State 3>: 4.97ns
The critical path consists of the following:
	'phi' operation ('i') with incoming values : ('i', r:/builds/2017.2.1/continuous/2017_08_09_1957588/src/products/hls/hls_lib/src/hls/utils/x_hls_float_utils.h:312) [34]  (0 ns)
	'select' operation ('sh', r:/builds/2017.2.1/continuous/2017_08_09_1957588/src/products/hls/hls_lib/src/hls/utils/x_hls_float_utils.h:313) [41]  (2.07 ns)
	'sub' operation ('tmp_8', r:/builds/2017.2.1/continuous/2017_08_09_1957588/src/products/hls/hls_lib/src/hls/utils/x_hls_float_utils.h:314) [44]  (2.9 ns)

 <State 4>: 8.08ns
The critical path consists of the following:
	'select' operation ('sh', r:/builds/2017.2.1/continuous/2017_08_09_1957588/src/products/hls/hls_lib/src/hls/utils/x_hls_float_utils.h:314) [45]  (2.07 ns)
	'shl' operation ('tmp_s', r:/builds/2017.2.1/continuous/2017_08_09_1957588/src/products/hls/hls_lib/src/hls/utils/x_hls_float_utils.h:314) [47]  (0 ns)
	'select' operation ('in_shift.V', r:/builds/2017.2.1/continuous/2017_08_09_1957588/src/products/hls/hls_lib/src/hls/utils/x_hls_float_utils.h:314) [51]  (4.42 ns)
	multiplexor before 'phi' operation ('in_shift.V') with incoming values : ('in_V_read') ('in_shift.V', r:/builds/2017.2.1/continuous/2017_08_09_1957588/src/products/hls/hls_lib/src/hls/utils/x_hls_float_utils.h:314) [55]  (1.59 ns)

 <State 5>: 7.04ns
The critical path consists of the following:
	'phi' operation ('shift') with incoming values : ('shift', r:/builds/2017.2.1/continuous/2017_08_09_1957588/src/products/hls/hls_lib/src/hls/utils/x_hls_float_utils.h:313) [56]  (0 ns)
	'sub' operation ('newexp', r:/builds/2017.2.1/continuous/2017_08_09_1957588/src/products/hls/hls_lib/src/hls/utils/x_hls_float_utils.h:323) [59]  (2.9 ns)
	'or' operation ('or_cond', r:/builds/2017.2.1/continuous/2017_08_09_1957588/src/products/hls/hls_lib/src/hls/utils/x_hls_float_utils.h:329) [62]  (2.07 ns)
	'select' operation ('out.exp.V', r:/builds/2017.2.1/continuous/2017_08_09_1957588/src/products/hls/hls_lib/src/hls/utils/x_hls_float_utils.h:340) [66]  (2.07 ns)


============================================================
+ Verbose Summary: Binding
============================================================
N/A
* FSMD analyzer results:
  - Output states:
 - Input state : 
  - Chain level:
	State 1
	State 2
	State 3
	State 4
	State 5


============================================================
+ Verbose Summary: Datapath Resource usage 
============================================================
N/A
