

================================================================
== Vivado HLS Report for 'scaled_fixed2ieee'
================================================================
* Date:           Tue Oct  3 20:11:58 2017

* Version:        2017.2 (Build 1909853 on Wed Aug 09 16:50:22 MDT 2017)
* Project:        coprocess
* Solution:       example
* Product family: zynq
* Target device:  xc7z020clg484-1


================================================================
== Performance Estimates
================================================================
+ Timing (ns): 
    * Summary: 
    +--------+-------+----------+------------+
    |  Clock | Target| Estimated| Uncertainty|
    +--------+-------+----------+------------+
    |ap_clk  |  10.00|      8.08|        1.25|
    +--------+-------+----------+------------+

+ Latency (clock cycles): 
    * Summary: 
    +-----+-----+-----+-----+---------+
    |  Latency  |  Interval | Pipeline|
    | min | max | min | max |   Type  |
    +-----+-----+-----+-----+---------+
    |    7|   11|    7|   11|   none  |
    +-----+-----+-----+-----+---------+

    + Detail: 
        * Instance: 
        N/A

        * Loop: 
        +----------+-----+-----+----------+-----------+-----------+-------+----------+
        |          |  Latency  | Iteration|  Initiation Interval  |  Trip |          |
        | Loop Name| min | max |  Latency |  achieved |   target  | Count | Pipelined|
        +----------+-----+-----+----------+-----------+-----------+-------+----------+
        |- Loop 1  |    2|    2|         1|          -|          -|      2|    no    |
        |- Loop 2  |    2|    5|         2|          -|          -| 1 ~ 2 |    no    |
        +----------+-----+-----+----------+-----------+-----------+-------+----------+



================================================================
== Utilization Estimates
================================================================
* Summary: 
+-----------------+---------+-------+--------+-------+
|       Name      | BRAM_18K| DSP48E|   FF   |  LUT  |
+-----------------+---------+-------+--------+-------+
|DSP              |        -|      -|       -|      -|
|Expression       |        -|      -|     595|    634|
|FIFO             |        -|      -|       -|      -|
|Instance         |        -|      -|       -|      -|
|Memory           |        -|      -|       -|      -|
|Multiplexer      |        -|      -|       -|     96|
|Register         |        -|      -|     368|      -|
+-----------------+---------+-------+--------+-------+
|Total            |        0|      0|     963|    730|
+-----------------+---------+-------+--------+-------+
|Available        |      280|    220|  106400|  53200|
+-----------------+---------+-------+--------+-------+
|Utilization (%)  |        0|      0|   ~0   |      1|
+-----------------+---------+-------+--------+-------+

+ Detail: 
    * Instance: 
    N/A

    * DSP48: 
    N/A

    * Memory: 
    N/A

    * FIFO: 
    N/A

    * Expression: 
    +-----------------------+----------+-------+-----+-----+------------+------------+
    |     Variable Name     | Operation| DSP48E|  FF | LUT | Bitwidth P0| Bitwidth P1|
    +-----------------------+----------+-------+-----+-----+------------+------------+
    |i_1_fu_304_p2          |     +    |      0|   11|    8|           2|           1|
    |i_fu_236_p2            |     +    |      0|   11|    8|           2|           1|
    |shift_2_fu_336_p2      |     +    |      0|  101|   37|          32|          32|
    |newexp_fu_395_p2       |     -    |      0|  101|   37|          32|          32|
    |tmp_3_fu_382_p2        |     -    |      0|   32|   14|           7|           9|
    |tmp_8_fu_330_p2        |     -    |      0|  101|   37|           1|          32|
    |c_0_fu_272_p3          |   cttz   |      0|   40|   36|          32|           0|
    |exitcond_fu_230_p2     |   icmp   |      0|    0|    1|           2|           3|
    |tmp_2_fu_377_p2        |   icmp   |      0|    0|   16|          32|           5|
    |tmp_6_fu_387_p2        |   icmp   |      0|    0|   16|          29|           1|
    |tmp_1_fu_356_p2        |   lshr   |      0|   99|  101|          32|          32|
    |or_cond_fu_409_p2      |    or    |      0|    0|    2|           1|           1|
    |c_1_1_fu_280_p3        |  select  |      0|    0|   32|           1|          32|
    |c_1_2_fu_288_p3        |  select  |      0|    0|   32|           1|          32|
    |in_shift_V_fu_370_p3   |  select  |      0|    0|   29|           1|          29|
    |out_exp_V_fu_436_p3    |  select  |      0|    0|    8|           1|           1|
    |p_Result_29_fu_264_p3  |  select  |      0|    0|   32|           1|          32|
    |p_Val2_22_fu_428_p3    |  select  |      0|    0|   23|           1|           1|
    |sh_assign_1_fu_341_p3  |  select  |      0|    0|   32|           1|          32|
    |sh_assign_fu_314_p3    |  select  |      0|    0|   32|           1|          32|
    |tmp_s_fu_350_p2        |    shl   |      0|   99|  101|          32|          32|
    +-----------------------+----------+-------+-----+-----+------------+------------+
    |Total                  |          |      0|  595|  634|         244|         372|
    +-----------------------+----------+-------+-----+-----+------------+------------+

    * Multiplexer: 
    +------------------+----+-----------+-----+-----------+
    |       Name       | LUT| Input Size| Bits| Total Bits|
    +------------------+----+-----------+-----+-----------+
    |ap_NS_fsm         |  33|          6|    1|          6|
    |ap_return         |   9|          2|   31|         62|
    |i1_reg_112        |   9|          2|    2|          4|
    |i2_reg_145        |   9|          2|    2|          4|
    |in_shift_reg_123  |   9|          2|   29|         58|
    |p_Val2_s_reg_156  |   9|          2|   29|         58|
    |shift_1_reg_166   |   9|          2|   32|         64|
    |shift_reg_133     |   9|          2|   32|         64|
    +------------------+----+-----------+-----+-----------+
    |Total             |  96|         20|  158|        320|
    +------------------+----+-----------+-----+-----------+

    * Register: 
    +----------------------+----+----+-----+-----------+
    |         Name         | FF | LUT| Bits| Const Bits|
    +----------------------+----+----+-----+-----------+
    |ap_CS_fsm             |   5|   0|    5|          0|
    |ap_return_preg        |  31|   0|   32|          1|
    |c_0_s_reg_88          |  32|   0|   32|          0|
    |c_1_s_reg_100         |  32|   0|   32|          0|
    |i1_reg_112            |   2|   0|    2|          0|
    |i2_reg_145            |   2|   0|    2|          0|
    |i_1_reg_501           |   2|   0|    2|          0|
    |in_shift_reg_123      |  29|   0|   29|          0|
    |isNeg_reg_513         |   1|   0|    1|          0|
    |out_bits_0_V_reg_469  |  32|   0|   32|          0|
    |p_Result_s_reg_474    |  32|   0|   32|          0|
    |p_Val2_s_reg_156      |  29|   0|   29|          0|
    |sh_assign_reg_506     |  32|   0|   32|          0|
    |shift_1_reg_166       |  32|   0|   32|          0|
    |shift_reg_133         |  32|   0|   32|          0|
    |tmp_24_reg_497        |   1|   0|    1|          0|
    |tmp_3_reg_539         |   9|   0|    9|          0|
    |tmp_6_reg_544         |   1|   0|    1|          0|
    |tmp_8_reg_519         |  32|   0|   32|          0|
    +----------------------+----+----+-----+-----------+
    |Total                 | 368|   0|  369|          1|
    +----------------------+----+----+-----+-----------+



================================================================
== Interface
================================================================
* Summary: 
+-----------+-----+-----+------------+-------------------+--------------+
| RTL Ports | Dir | Bits|  Protocol  |   Source Object   |    C Type    |
+-----------+-----+-----+------------+-------------------+--------------+
|ap_clk     |  in |    1| ap_ctrl_hs | scaled_fixed2ieee | return value |
|ap_rst     |  in |    1| ap_ctrl_hs | scaled_fixed2ieee | return value |
|ap_start   |  in |    1| ap_ctrl_hs | scaled_fixed2ieee | return value |
|ap_done    | out |    1| ap_ctrl_hs | scaled_fixed2ieee | return value |
|ap_idle    | out |    1| ap_ctrl_hs | scaled_fixed2ieee | return value |
|ap_ready   | out |    1| ap_ctrl_hs | scaled_fixed2ieee | return value |
|ap_return  | out |   32| ap_ctrl_hs | scaled_fixed2ieee | return value |
|in_V       |  in |   29|   ap_none  |        in_V       |    scalar    |
|prescale   |  in |    9|   ap_none  |      prescale     |    scalar    |
+-----------+-----+-----+------------+-------------------+--------------+

============================================================
+ Verbose Summary: Synthesis Manager
============================================================
InlineROM: 1
ExposeGlobal: 1
============================================================
+ Verbose Summary: CDFG Model
============================================================
IsTopModel: 0
ResetActiveHigh: 1
IsCombinational: 2
IsDatapathOnly: 2
HasWiredReturn: 1
HasMFsm: 0
HasVarLatency: 1
IsPipeline: 0
IsRtlPipelined: 0
IsInstanceOverlapped: 0
IsDontTouch: 0
HasImplIP: 0
IsGatedGlobalClock: 0


============================================================
+ Verbose Summary: Schedule
============================================================
* Number of FSM states: 5
* Pipeline: 0
* Dataflow Pipeline: 0

* FSM state transitions: 
1 --> 
	2  / true
2 --> 
	2  / (!exitcond)
	3  / (exitcond)
3 --> 
	4  / true
4 --> 
	3  / (!tmp_24 & tmp_2)
	5  / (tmp_24) | (!tmp_2)
5 --> 
* FSM state operations: 

 <State 1>: 1.59ns
ST_1: prescale_read (3)  [1/1] 0.00ns
.preheader.preheader:0  %prescale_read = call i9 @_ssdm_op_Read.ap_auto.i9(i9 %prescale)

ST_1: in_V_read (4)  [1/1] 0.00ns
.preheader.preheader:1  %in_V_read = call i29 @_ssdm_op_Read.ap_auto.i29(i29 %in_V)

ST_1: p_Result_1 (5)  [1/1] 0.00ns  loc: r:/builds/2017.2.1/continuous/2017_08_09_1957588/src/products/hls/hls_lib/src/hls/utils/x_hls_float_utils.h:296
.preheader.preheader:2  %p_Result_1 = call i16 @_ssdm_op_PartSelect.i16.i29.i32.i32(i29 %in_V_read, i32 13, i32 28)

ST_1: tmp (6)  [1/1] 0.00ns  loc: r:/builds/2017.2.1/continuous/2017_08_09_1957588/src/products/hls/hls_lib/src/hls/utils/x_hls_float_utils.h:297
.preheader.preheader:3  %tmp = call i17 @_ssdm_op_BitConcatenate.i17.i16.i1(i16 %p_Result_1, i1 true)

ST_1: out_bits_0_V (7)  [1/1] 0.00ns  loc: r:/builds/2017.2.1/continuous/2017_08_09_1957588/src/products/hls/hls_lib/src/hls/utils/x_hls_float_utils.h:297
.preheader.preheader:4  %out_bits_0_V = call i32 @_ssdm_op_PartSet.i32.i32.i17.i32.i32(i32 undef, i17 %tmp, i32 15, i32 31)

ST_1: tmp_22 (8)  [1/1] 0.00ns  loc: r:/builds/2017.2.1/continuous/2017_08_09_1957588/src/products/hls/hls_lib/src/hls/utils/x_hls_float_utils.h:300
.preheader.preheader:5  %tmp_22 = trunc i29 %in_V_read to i13

ST_1: tmp_5 (9)  [1/1] 0.00ns  loc: r:/builds/2017.2.1/continuous/2017_08_09_1957588/src/products/hls/hls_lib/src/hls/utils/x_hls_float_utils.h:301
.preheader.preheader:6  %tmp_5 = call i14 @_ssdm_op_BitConcatenate.i14.i13.i1(i13 %tmp_22, i1 true)

ST_1: p_Result_s (10)  [1/1] 0.00ns  loc: r:/builds/2017.2.1/continuous/2017_08_09_1957588/src/products/hls/hls_lib/src/hls/utils/x_hls_float_utils.h:301
.preheader.preheader:7  %p_Result_s = call i32 @_ssdm_op_PartSet.i32.i32.i14.i32.i32(i32 undef, i14 %tmp_5, i32 18, i32 31)

ST_1: StgValue_14 (11)  [1/1] 1.59ns  loc: r:/builds/2017.2.1/continuous/2017_08_09_1957588/src/products/hls/hls_lib/src/hls/utils/x_hls_float_utils.h:305
.preheader.preheader:8  br label %0


 <State 2>: 7.54ns
ST_2: c_0_s (13)  [1/1] 0.00ns
:0  %c_0_s = phi i32 [ undef, %.preheader.preheader ], [ %c_1_1, %1 ]

ST_2: c_1_s (14)  [1/1] 0.00ns
:1  %c_1_s = phi i32 [ undef, %.preheader.preheader ], [ %c_1_2, %1 ]

ST_2: i1 (15)  [1/1] 0.00ns
:2  %i1 = phi i2 [ 0, %.preheader.preheader ], [ %i, %1 ]

ST_2: exitcond (16)  [1/1] 2.07ns  loc: r:/builds/2017.2.1/continuous/2017_08_09_1957588/src/products/hls/hls_lib/src/hls/utils/x_hls_float_utils.h:305
:3  %exitcond = icmp eq i2 %i1, -2

ST_2: empty (17)  [1/1] 0.00ns
:4  %empty = call i32 (...)* @_ssdm_op_SpecLoopTripCount(i64 2, i64 2, i64 2)

ST_2: i (18)  [1/1] 2.17ns  loc: r:/builds/2017.2.1/continuous/2017_08_09_1957588/src/products/hls/hls_lib/src/hls/utils/x_hls_float_utils.h:305
:5  %i = add i2 %i1, 1

ST_2: StgValue_21 (19)  [1/1] 0.00ns  loc: r:/builds/2017.2.1/continuous/2017_08_09_1957588/src/products/hls/hls_lib/src/hls/utils/x_hls_float_utils.h:305
:6  br i1 %exitcond, label %.preheader3.preheader, label %1

ST_2: tmp_23 (21)  [1/1] 0.00ns  loc: r:/builds/2017.2.1/continuous/2017_08_09_1957588/src/products/hls/hls_lib/src/hls/utils/x_hls_float_utils.h:305
:0  %tmp_23 = trunc i2 %i1 to i1

ST_2: tmp_4 (22)  [1/1] 0.00ns  loc: r:/builds/2017.2.1/continuous/2017_08_09_1957588/src/products/hls/hls_lib/src/hls/hls_normalize.h:106->r:/builds/2017.2.1/continuous/2017_08_09_1957588/src/products/hls/hls_lib/src/hls/utils/x_hls_float_utils.h:306
:1  %tmp_4 = call i32 @_ssdm_op_PartSelect.i32.i32.i32.i32(i32 %p_Result_s, i32 31, i32 0)

ST_2: tmp_7 (23)  [1/1] 0.00ns  loc: r:/builds/2017.2.1/continuous/2017_08_09_1957588/src/products/hls/hls_lib/src/hls/hls_normalize.h:106->r:/builds/2017.2.1/continuous/2017_08_09_1957588/src/products/hls/hls_lib/src/hls/utils/x_hls_float_utils.h:306
:2  %tmp_7 = call i32 @_ssdm_op_PartSelect.i32.i32.i32.i32(i32 %out_bits_0_V, i32 31, i32 0)

ST_2: p_Result_29 (24)  [1/1] 2.07ns  loc: r:/builds/2017.2.1/continuous/2017_08_09_1957588/src/products/hls/hls_lib/src/hls/utils/x_hls_float_utils.h:306
:3  %p_Result_29 = select i1 %tmp_23, i32 %tmp_4, i32 %tmp_7

ST_2: c_0 (25)  [1/1] 3.40ns  loc: r:/builds/2017.2.1/continuous/2017_08_09_1957588/src/products/hls/hls_lib/src/hls/hls_normalize.h:106->r:/builds/2017.2.1/continuous/2017_08_09_1957588/src/products/hls/hls_lib/src/hls/utils/x_hls_float_utils.h:306
:4  %c_0 = call i32 @llvm.cttz.i32(i32 %p_Result_29, i1 true) nounwind

ST_2: c_1_1 (26)  [1/1] 2.07ns  loc: r:/builds/2017.2.1/continuous/2017_08_09_1957588/src/products/hls/hls_lib/src/hls/utils/x_hls_float_utils.h:306
:5  %c_1_1 = select i1 %tmp_23, i32 %c_0_s, i32 %c_0

ST_2: c_1_2 (27)  [1/1] 2.07ns  loc: r:/builds/2017.2.1/continuous/2017_08_09_1957588/src/products/hls/hls_lib/src/hls/utils/x_hls_float_utils.h:306
:6  %c_1_2 = select i1 %tmp_23, i32 %c_0, i32 %c_1_s

ST_2: StgValue_29 (28)  [1/1] 0.00ns  loc: r:/builds/2017.2.1/continuous/2017_08_09_1957588/src/products/hls/hls_lib/src/hls/utils/x_hls_float_utils.h:305
:7  br label %0

ST_2: StgValue_30 (30)  [1/1] 1.59ns  loc: r:/builds/2017.2.1/continuous/2017_08_09_1957588/src/products/hls/hls_lib/src/hls/utils/x_hls_float_utils.h:312
.preheader3.preheader:0  br label %.preheader3


 <State 3>: 4.97ns
ST_3: in_shift (32)  [1/1] 0.00ns
.preheader3:0  %in_shift = phi i29 [ %in_shift_V, %"operator<<.exit" ], [ %in_V_read, %.preheader3.preheader ]

ST_3: shift (33)  [1/1] 0.00ns
.preheader3:1  %shift = phi i32 [ %shift_2, %"operator<<.exit" ], [ 0, %.preheader3.preheader ]

ST_3: i2 (34)  [1/1] 0.00ns
.preheader3:2  %i2 = phi i2 [ %i_1, %"operator<<.exit" ], [ 0, %.preheader3.preheader ]

ST_3: tmp_24 (35)  [1/1] 0.00ns  loc: r:/builds/2017.2.1/continuous/2017_08_09_1957588/src/products/hls/hls_lib/src/hls/utils/x_hls_float_utils.h:312
.preheader3:3  %tmp_24 = call i1 @_ssdm_op_BitSelect.i1.i2.i32(i2 %i2, i32 1)

ST_3: empty_30 (36)  [1/1] 0.00ns
.preheader3:4  %empty_30 = call i32 (...)* @_ssdm_op_SpecLoopTripCount(i64 1, i64 2, i64 1)

ST_3: i_1 (37)  [1/1] 2.17ns  loc: r:/builds/2017.2.1/continuous/2017_08_09_1957588/src/products/hls/hls_lib/src/hls/utils/x_hls_float_utils.h:312
.preheader3:5  %i_1 = add i2 %i2, 1

ST_3: StgValue_37 (38)  [1/1] 1.59ns  loc: r:/builds/2017.2.1/continuous/2017_08_09_1957588/src/products/hls/hls_lib/src/hls/utils/x_hls_float_utils.h:312
.preheader3:6  br i1 %tmp_24, label %.loopexit_ifconv, label %"operator<<.exit"

ST_3: tmp_25 (40)  [1/1] 0.00ns  loc: r:/builds/2017.2.1/continuous/2017_08_09_1957588/src/products/hls/hls_lib/src/hls/utils/x_hls_float_utils.h:312
operator<<.exit:0  %tmp_25 = trunc i2 %i2 to i1

ST_3: sh_assign (41)  [1/1] 2.07ns  loc: r:/builds/2017.2.1/continuous/2017_08_09_1957588/src/products/hls/hls_lib/src/hls/utils/x_hls_float_utils.h:313
operator<<.exit:1  %sh_assign = select i1 %tmp_25, i32 %c_1_s, i32 %c_0_s

ST_3: isNeg (43)  [1/1] 0.00ns  loc: r:/builds/2017.2.1/continuous/2017_08_09_1957588/src/products/hls/hls_lib/src/hls/utils/x_hls_float_utils.h:314
operator<<.exit:3  %isNeg = call i1 @_ssdm_op_BitSelect.i1.i32.i32(i32 %sh_assign, i32 31)

ST_3: tmp_8 (44)  [1/1] 2.90ns  loc: r:/builds/2017.2.1/continuous/2017_08_09_1957588/src/products/hls/hls_lib/src/hls/utils/x_hls_float_utils.h:314
operator<<.exit:4  %tmp_8 = sub nsw i32 0, %sh_assign


 <State 4>: 8.08ns
ST_4: shift_2 (42)  [1/1] 2.90ns  loc: r:/builds/2017.2.1/continuous/2017_08_09_1957588/src/products/hls/hls_lib/src/hls/utils/x_hls_float_utils.h:313
operator<<.exit:2  %shift_2 = add nsw i32 %shift, %sh_assign

ST_4: sh_assign_1 (45)  [1/1] 2.07ns  loc: r:/builds/2017.2.1/continuous/2017_08_09_1957588/src/products/hls/hls_lib/src/hls/utils/x_hls_float_utils.h:314
operator<<.exit:5  %sh_assign_1 = select i1 %isNeg, i32 %tmp_8, i32 %sh_assign

ST_4: tmp_9 (46)  [1/1] 0.00ns  loc: r:/builds/2017.2.1/continuous/2017_08_09_1957588/src/products/hls/hls_lib/src/hls/utils/x_hls_float_utils.h:314
operator<<.exit:6  %tmp_9 = zext i29 %in_shift to i32

ST_4: tmp_s (47)  [1/1] 0.00ns  loc: r:/builds/2017.2.1/continuous/2017_08_09_1957588/src/products/hls/hls_lib/src/hls/utils/x_hls_float_utils.h:314 (grouped into LUT with out node in_shift_V)
operator<<.exit:7  %tmp_s = shl i32 %tmp_9, %sh_assign_1

ST_4: tmp_1 (48)  [1/1] 0.00ns  loc: r:/builds/2017.2.1/continuous/2017_08_09_1957588/src/products/hls/hls_lib/src/hls/utils/x_hls_float_utils.h:314 (grouped into LUT with out node in_shift_V)
operator<<.exit:8  %tmp_1 = lshr i32 %tmp_9, %sh_assign_1

ST_4: tmp_27 (49)  [1/1] 0.00ns  loc: r:/builds/2017.2.1/continuous/2017_08_09_1957588/src/products/hls/hls_lib/src/hls/utils/x_hls_float_utils.h:314 (grouped into LUT with out node in_shift_V)
operator<<.exit:9  %tmp_27 = trunc i32 %tmp_1 to i29

ST_4: tmp_28 (50)  [1/1] 0.00ns  loc: r:/builds/2017.2.1/continuous/2017_08_09_1957588/src/products/hls/hls_lib/src/hls/utils/x_hls_float_utils.h:314 (grouped into LUT with out node in_shift_V)
operator<<.exit:10  %tmp_28 = trunc i32 %tmp_s to i29

ST_4: in_shift_V (51)  [1/1] 4.42ns  loc: r:/builds/2017.2.1/continuous/2017_08_09_1957588/src/products/hls/hls_lib/src/hls/utils/x_hls_float_utils.h:314 (out node of the LUT)
operator<<.exit:11  %in_shift_V = select i1 %isNeg, i29 %tmp_27, i29 %tmp_28

ST_4: tmp_2 (52)  [1/1] 3.26ns  loc: r:/builds/2017.2.1/continuous/2017_08_09_1957588/src/products/hls/hls_lib/src/hls/utils/x_hls_float_utils.h:315
operator<<.exit:12  %tmp_2 = icmp eq i32 %sh_assign, 16

ST_4: StgValue_51 (53)  [1/1] 1.59ns  loc: r:/builds/2017.2.1/continuous/2017_08_09_1957588/src/products/hls/hls_lib/src/hls/utils/x_hls_float_utils.h:315
operator<<.exit:13  br i1 %tmp_2, label %.preheader3, label %.loopexit_ifconv

ST_4: tmp_3 (57)  [1/1] 2.32ns  loc: r:/builds/2017.2.1/continuous/2017_08_09_1957588/src/products/hls/hls_lib/src/hls/utils/x_hls_float_utils.h:323
.loopexit_ifconv:2  %tmp_3 = sub i9 127, %prescale_read

ST_4: tmp_6 (61)  [1/1] 3.26ns  loc: r:/builds/2017.2.1/continuous/2017_08_09_1957588/src/products/hls/hls_lib/src/hls/utils/x_hls_float_utils.h:329
.loopexit_ifconv:6  %tmp_6 = icmp eq i29 %in_V_read, 0


 <State 5>: 7.04ns
ST_5: p_Val2_s (55)  [1/1] 0.00ns (grouped into LUT with out node p_Val2_22)
.loopexit_ifconv:0  %p_Val2_s = phi i29 [ %in_shift, %.preheader3 ], [ %in_shift_V, %"operator<<.exit" ]

ST_5: shift_1 (56)  [1/1] 0.00ns (grouped into LUT with out node newexp)
.loopexit_ifconv:1  %shift_1 = phi i32 [ %shift, %.preheader3 ], [ %shift_2, %"operator<<.exit" ]

ST_5: tmp_3_cast (58)  [1/1] 0.00ns  loc: r:/builds/2017.2.1/continuous/2017_08_09_1957588/src/products/hls/hls_lib/src/hls/utils/x_hls_float_utils.h:323 (grouped into LUT with out node newexp)
.loopexit_ifconv:3  %tmp_3_cast = sext i9 %tmp_3 to i32

ST_5: newexp (59)  [1/1] 2.90ns  loc: r:/builds/2017.2.1/continuous/2017_08_09_1957588/src/products/hls/hls_lib/src/hls/utils/x_hls_float_utils.h:323 (out node of the LUT)
.loopexit_ifconv:4  %newexp = sub i32 %tmp_3_cast, %shift_1

ST_5: tmp_30 (60)  [1/1] 0.00ns  loc: r:/builds/2017.2.1/continuous/2017_08_09_1957588/src/products/hls/hls_lib/src/hls/utils/x_hls_float_utils.h:329
.loopexit_ifconv:5  %tmp_30 = call i1 @_ssdm_op_BitSelect.i1.i32.i32(i32 %newexp, i32 31)

ST_5: or_cond (62)  [1/1] 2.07ns  loc: r:/builds/2017.2.1/continuous/2017_08_09_1957588/src/products/hls/hls_lib/src/hls/utils/x_hls_float_utils.h:329
.loopexit_ifconv:7  %or_cond = or i1 %tmp_30, %tmp_6

ST_5: tmp_31 (63)  [1/1] 0.00ns  loc: r:/builds/2017.2.1/continuous/2017_08_09_1957588/src/products/hls/hls_lib/src/hls/utils/x_hls_float_utils.h:323
.loopexit_ifconv:8  %tmp_31 = trunc i32 %newexp to i8

ST_5: phitmp2 (64)  [1/1] 0.00ns  loc: r:/builds/2017.2.1/continuous/2017_08_09_1957588/src/products/hls/hls_lib/src/hls/utils/x_hls_float_utils.h:314 (grouped into LUT with out node p_Val2_22)
.loopexit_ifconv:9  %phitmp2 = call i23 @_ssdm_op_PartSelect.i23.i29.i32.i32(i29 %p_Val2_s, i32 5, i32 27)

ST_5: p_Val2_22 (65)  [1/1] 2.07ns  loc: r:/builds/2017.2.1/continuous/2017_08_09_1957588/src/products/hls/hls_lib/src/hls/utils/x_hls_utils.h:360->r:/builds/2017.2.1/continuous/2017_08_09_1957588/src/products/hls/hls_lib/src/hls/utils/x_hls_float_utils.h:339 (out node of the LUT)
.loopexit_ifconv:10  %p_Val2_22 = select i1 %or_cond, i23 0, i23 %phitmp2

ST_5: out_exp_V (66)  [1/1] 2.07ns  loc: r:/builds/2017.2.1/continuous/2017_08_09_1957588/src/products/hls/hls_lib/src/hls/utils/x_hls_float_utils.h:340
.loopexit_ifconv:11  %out_exp_V = select i1 %or_cond, i8 0, i8 %tmp_31

ST_5: p_Result_30 (67)  [1/1] 0.00ns  loc: r:/builds/2017.2.1/continuous/2017_08_09_1957588/src/products/hls/hls_lib/src/hls/utils/x_hls_utils.h:336->r:/builds/2017.2.1/continuous/2017_08_09_1957588/src/products/hls/hls_lib/src/hls/utils/x_hls_utils.h:349->r:/builds/2017.2.1/continuous/2017_08_09_1957588/src/products/hls/hls_lib/src/hls/utils/x_hls_utils.h:370->r:/builds/2017.2.1/continuous/2017_08_09_1957588/src/products/hls/hls_lib/src/hls/utils/x_hls_float_utils.h:341
.loopexit_ifconv:12  %p_Result_30 = call i32 @_ssdm_op_BitConcatenate.i32.i1.i8.i23(i1 false, i8 %out_exp_V, i23 %p_Val2_22)

ST_5: result_write_assign (68)  [1/1] 0.00ns  loc: r:/builds/2017.2.1/continuous/2017_08_09_1957588/src/products/hls/hls_lib/src/hls/utils/x_hls_utils.h:349->r:/builds/2017.2.1/continuous/2017_08_09_1957588/src/products/hls/hls_lib/src/hls/utils/x_hls_utils.h:370->r:/builds/2017.2.1/continuous/2017_08_09_1957588/src/products/hls/hls_lib/src/hls/utils/x_hls_float_utils.h:341
.loopexit_ifconv:13  %result_write_assign = bitcast i32 %p_Result_30 to float

ST_5: StgValue_66 (69)  [1/1] 0.00ns  loc: r:/builds/2017.2.1/continuous/2017_08_09_1957588/src/products/hls/hls_lib/src/hls/utils/x_hls_float_utils.h:342
.loopexit_ifconv:14  ret float %result_write_assign



============================================================
+ Verbose Summary: Binding
============================================================
STG Binding: 
---------------- STG Properties BEGIN ----------------
- Is combinational: 0
- Is one-state seq: 0
- Is datapath-only: 0
- Is pipelined: 0
- Is top level: 0
Port [ Return ] is wired: 1; IO mode=ap_ctrl_hs:ce=0
Port [ in_V]:  wired=1; compound=0; hidden=0; nouse=0; global=0; static=0; extern=0; dir=0; type=0; pingpong=0; private_global=0; IO mode=ap_none:ce=0
Port [ prescale]:  wired=1; compound=0; hidden=0; nouse=0; global=0; static=0; extern=0; dir=0; type=0; pingpong=0; private_global=0; IO mode=ap_none:ce=0
---------------- STG Properties END ------------------

---------------- Datapath Model BEGIN ----------------

<LifeTime>
<method=bitvector/>
prescale_read       (read             ) [ 001110]
in_V_read           (read             ) [ 001110]
p_Result_1          (partselect       ) [ 000000]
tmp                 (bitconcatenate   ) [ 000000]
out_bits_0_V        (partset          ) [ 001000]
tmp_22              (trunc            ) [ 000000]
tmp_5               (bitconcatenate   ) [ 000000]
p_Result_s          (partset          ) [ 001000]
StgValue_14         (br               ) [ 011000]
c_0_s               (phi              ) [ 001110]
c_1_s               (phi              ) [ 001110]
i1                  (phi              ) [ 001000]
exitcond            (icmp             ) [ 001000]
empty               (speclooptripcount) [ 000000]
i                   (add              ) [ 011000]
StgValue_21         (br               ) [ 000000]
tmp_23              (trunc            ) [ 000000]
tmp_4               (partselect       ) [ 000000]
tmp_7               (partselect       ) [ 000000]
p_Result_29         (select           ) [ 000000]
c_0                 (cttz             ) [ 000000]
c_1_1               (select           ) [ 011000]
c_1_2               (select           ) [ 011000]
StgValue_29         (br               ) [ 011000]
StgValue_30         (br               ) [ 001110]
in_shift            (phi              ) [ 000111]
shift               (phi              ) [ 000111]
i2                  (phi              ) [ 000100]
tmp_24              (bitselect        ) [ 000110]
empty_30            (speclooptripcount) [ 000000]
i_1                 (add              ) [ 001110]
StgValue_37         (br               ) [ 000111]
tmp_25              (trunc            ) [ 000000]
sh_assign           (select           ) [ 000010]
isNeg               (bitselect        ) [ 000010]
tmp_8               (sub              ) [ 000010]
shift_2             (add              ) [ 001111]
sh_assign_1         (select           ) [ 000000]
tmp_9               (zext             ) [ 000000]
tmp_s               (shl              ) [ 000000]
tmp_1               (lshr             ) [ 000000]
tmp_27              (trunc            ) [ 000000]
tmp_28              (trunc            ) [ 000000]
in_shift_V          (select           ) [ 001111]
tmp_2               (icmp             ) [ 000110]
StgValue_51         (br               ) [ 001111]
tmp_3               (sub              ) [ 000001]
tmp_6               (icmp             ) [ 000001]
p_Val2_s            (phi              ) [ 000001]
shift_1             (phi              ) [ 000001]
tmp_3_cast          (sext             ) [ 000000]
newexp              (sub              ) [ 000000]
tmp_30              (bitselect        ) [ 000000]
or_cond             (or               ) [ 000000]
tmp_31              (trunc            ) [ 000000]
phitmp2             (partselect       ) [ 000000]
p_Val2_22           (select           ) [ 000000]
out_exp_V           (select           ) [ 000000]
p_Result_30         (bitconcatenate   ) [ 000000]
result_write_assign (bitcast          ) [ 000000]
StgValue_66         (ret              ) [ 000000]
</LifeTime>

<model>

<comp_list>
<comp id="0" class="1000" name="in_V">
<pin_list>
<pin id="1" dir="1" index="0" bw="1" slack="0"/>
</pin_list>
<bind>
<StgValue><ssdm name="in_V"/></StgValue>
</bind>
</comp>

<comp id="2" class="1000" name="prescale">
<pin_list>
<pin id="3" dir="1" index="0" bw="1" slack="0"/>
</pin_list>
<bind>
<StgValue><ssdm name="prescale"/></StgValue>
</bind>
</comp>

<comp id="4" class="1001" name="const_4">
<pin_list>
<pin id="5" dir="1" index="0" bw="1" slack="0"/>
</pin_list>
<bind>
<StgValue><ssdm name="_ssdm_op_Read.ap_auto.i9"/></StgValue>
</bind>
</comp>

<comp id="6" class="1001" name="const_6">
<pin_list>
<pin id="7" dir="1" index="0" bw="1" slack="0"/>
</pin_list>
<bind>
<StgValue><ssdm name="_ssdm_op_Read.ap_auto.i29"/></StgValue>
</bind>
</comp>

<comp id="8" class="1001" name="const_8">
<pin_list>
<pin id="9" dir="1" index="0" bw="1" slack="0"/>
</pin_list>
<bind>
<StgValue><ssdm name="_ssdm_op_PartSelect.i16.i29.i32.i32"/></StgValue>
</bind>
</comp>

<comp id="10" class="1001" name="const_10">
<pin_list>
<pin id="11" dir="1" index="0" bw="1" slack="0"/>
</pin_list>
<bind>
<StgValue><ssdm name=""/></StgValue>
</bind>
</comp>

<comp id="12" class="1001" name="const_12">
<pin_list>
<pin id="13" dir="1" index="0" bw="1" slack="0"/>
</pin_list>
<bind>
<StgValue><ssdm name=""/></StgValue>
</bind>
</comp>

<comp id="14" class="1001" name="const_14">
<pin_list>
<pin id="15" dir="1" index="0" bw="1" slack="0"/>
</pin_list>
<bind>
<StgValue><ssdm name="_ssdm_op_BitConcatenate.i17.i16.i1"/></StgValue>
</bind>
</comp>

<comp id="16" class="1001" name="const_16">
<pin_list>
<pin id="17" dir="1" index="0" bw="1" slack="0"/>
</pin_list>
<bind>
<StgValue><ssdm name=""/></StgValue>
</bind>
</comp>

<comp id="18" class="1001" name="const_18">
<pin_list>
<pin id="19" dir="1" index="0" bw="1" slack="0"/>
</pin_list>
<bind>
<StgValue><ssdm name="_ssdm_op_PartSet.i32.i32.i17.i32.i32"/></StgValue>
</bind>
</comp>

<comp id="20" class="1001" name="const_20">
<pin_list>
<pin id="21" dir="1" index="0" bw="1" slack="0"/>
</pin_list>
<bind>
<StgValue><ssdm name=""/></StgValue>
</bind>
</comp>

<comp id="22" class="1001" name="const_22">
<pin_list>
<pin id="23" dir="1" index="0" bw="1" slack="0"/>
</pin_list>
<bind>
<StgValue><ssdm name=""/></StgValue>
</bind>
</comp>

<comp id="24" class="1001" name="const_24">
<pin_list>
<pin id="25" dir="1" index="0" bw="1" slack="0"/>
</pin_list>
<bind>
<StgValue><ssdm name=""/></StgValue>
</bind>
</comp>

<comp id="26" class="1001" name="const_26">
<pin_list>
<pin id="27" dir="1" index="0" bw="1" slack="0"/>
</pin_list>
<bind>
<StgValue><ssdm name="_ssdm_op_BitConcatenate.i14.i13.i1"/></StgValue>
</bind>
</comp>

<comp id="28" class="1001" name="const_28">
<pin_list>
<pin id="29" dir="1" index="0" bw="1" slack="0"/>
</pin_list>
<bind>
<StgValue><ssdm name="_ssdm_op_PartSet.i32.i32.i14.i32.i32"/></StgValue>
</bind>
</comp>

<comp id="30" class="1001" name="const_30">
<pin_list>
<pin id="31" dir="1" index="0" bw="1" slack="0"/>
</pin_list>
<bind>
<StgValue><ssdm name=""/></StgValue>
</bind>
</comp>

<comp id="32" class="1001" name="const_32">
<pin_list>
<pin id="33" dir="1" index="0" bw="1" slack="1"/>
</pin_list>
<bind>
<StgValue><ssdm name=""/></StgValue>
</bind>
</comp>

<comp id="34" class="1001" name="const_34">
<pin_list>
<pin id="35" dir="1" index="0" bw="1" slack="0"/>
</pin_list>
<bind>
<StgValue><ssdm name=""/></StgValue>
</bind>
</comp>

<comp id="36" class="1001" name="const_36">
<pin_list>
<pin id="37" dir="1" index="0" bw="1" slack="2147483647"/>
</pin_list>
<bind>
<StgValue><ssdm name="_ssdm_op_SpecLoopTripCount"/></StgValue>
</bind>
</comp>

<comp id="38" class="1001" name="const_38">
<pin_list>
<pin id="39" dir="1" index="0" bw="1" slack="2147483647"/>
</pin_list>
<bind>
<StgValue><ssdm name=""/></StgValue>
</bind>
</comp>

<comp id="40" class="1001" name="const_40">
<pin_list>
<pin id="41" dir="1" index="0" bw="1" slack="0"/>
</pin_list>
<bind>
<StgValue><ssdm name=""/></StgValue>
</bind>
</comp>

<comp id="42" class="1001" name="const_42">
<pin_list>
<pin id="43" dir="1" index="0" bw="1" slack="0"/>
</pin_list>
<bind>
<StgValue><ssdm name="_ssdm_op_PartSelect.i32.i32.i32.i32"/></StgValue>
</bind>
</comp>

<comp id="44" class="1001" name="const_44">
<pin_list>
<pin id="45" dir="1" index="0" bw="1" slack="0"/>
</pin_list>
<bind>
<StgValue><ssdm name=""/></StgValue>
</bind>
</comp>

<comp id="46" class="1001" name="const_46">
<pin_list>
<pin id="47" dir="1" index="0" bw="1" slack="0"/>
</pin_list>
<bind>
<StgValue><ssdm name="llvm.cttz.i32"/></StgValue>
</bind>
</comp>

<comp id="48" class="1001" name="const_48">
<pin_list>
<pin id="49" dir="1" index="0" bw="1" slack="0"/>
</pin_list>
<bind>
<StgValue><ssdm name="_ssdm_op_BitSelect.i1.i2.i32"/></StgValue>
</bind>
</comp>

<comp id="50" class="1001" name="const_50">
<pin_list>
<pin id="51" dir="1" index="0" bw="1" slack="0"/>
</pin_list>
<bind>
<StgValue><ssdm name=""/></StgValue>
</bind>
</comp>

<comp id="52" class="1001" name="const_52">
<pin_list>
<pin id="53" dir="1" index="0" bw="1" slack="2147483647"/>
</pin_list>
<bind>
<StgValue><ssdm name=""/></StgValue>
</bind>
</comp>

<comp id="54" class="1001" name="const_54">
<pin_list>
<pin id="55" dir="1" index="0" bw="1" slack="0"/>
</pin_list>
<bind>
<StgValue><ssdm name="_ssdm_op_BitSelect.i1.i32.i32"/></StgValue>
</bind>
</comp>

<comp id="56" class="1001" name="const_56">
<pin_list>
<pin id="57" dir="1" index="0" bw="1" slack="0"/>
</pin_list>
<bind>
<StgValue><ssdm name=""/></StgValue>
</bind>
</comp>

<comp id="58" class="1001" name="const_58">
<pin_list>
<pin id="59" dir="1" index="0" bw="1" slack="0"/>
</pin_list>
<bind>
<StgValue><ssdm name=""/></StgValue>
</bind>
</comp>

<comp id="60" class="1001" name="const_60">
<pin_list>
<pin id="61" dir="1" index="0" bw="1" slack="0"/>
</pin_list>
<bind>
<StgValue><ssdm name=""/></StgValue>
</bind>
</comp>

<comp id="62" class="1001" name="const_62">
<pin_list>
<pin id="63" dir="1" index="0" bw="1" slack="0"/>
</pin_list>
<bind>
<StgValue><ssdm name="_ssdm_op_PartSelect.i23.i29.i32.i32"/></StgValue>
</bind>
</comp>

<comp id="64" class="1001" name="const_64">
<pin_list>
<pin id="65" dir="1" index="0" bw="1" slack="0"/>
</pin_list>
<bind>
<StgValue><ssdm name=""/></StgValue>
</bind>
</comp>

<comp id="66" class="1001" name="const_66">
<pin_list>
<pin id="67" dir="1" index="0" bw="1" slack="0"/>
</pin_list>
<bind>
<StgValue><ssdm name=""/></StgValue>
</bind>
</comp>

<comp id="68" class="1001" name="const_68">
<pin_list>
<pin id="69" dir="1" index="0" bw="1" slack="0"/>
</pin_list>
<bind>
<StgValue><ssdm name=""/></StgValue>
</bind>
</comp>

<comp id="70" class="1001" name="const_70">
<pin_list>
<pin id="71" dir="1" index="0" bw="1" slack="0"/>
</pin_list>
<bind>
<StgValue><ssdm name=""/></StgValue>
</bind>
</comp>

<comp id="72" class="1001" name="const_72">
<pin_list>
<pin id="73" dir="1" index="0" bw="1" slack="0"/>
</pin_list>
<bind>
<StgValue><ssdm name="_ssdm_op_BitConcatenate.i32.i1.i8.i23"/></StgValue>
</bind>
</comp>

<comp id="74" class="1001" name="const_74">
<pin_list>
<pin id="75" dir="1" index="0" bw="1" slack="0"/>
</pin_list>
<bind>
<StgValue><ssdm name=""/></StgValue>
</bind>
</comp>

<comp id="76" class="1004" name="prescale_read_read_fu_76">
<pin_list>
<pin id="77" dir="0" index="0" bw="9" slack="0"/>
<pin id="78" dir="0" index="1" bw="9" slack="0"/>
<pin id="79" dir="1" index="2" bw="9" slack="3"/>
</pin_list>
<bind>
<opcode="read(1150) " fcode="read"/>
<opset="prescale_read/1 "/>
</bind>
</comp>

<comp id="82" class="1004" name="in_V_read_read_fu_82">
<pin_list>
<pin id="83" dir="0" index="0" bw="29" slack="0"/>
<pin id="84" dir="0" index="1" bw="29" slack="0"/>
<pin id="85" dir="1" index="2" bw="29" slack="0"/>
</pin_list>
<bind>
<opcode="read(1150) " fcode="read"/>
<opset="in_V_read/1 "/>
</bind>
</comp>

<comp id="88" class="1005" name="c_0_s_reg_88">
<pin_list>
<pin id="89" dir="0" index="0" bw="32" slack="1"/>
<pin id="90" dir="1" index="1" bw="32" slack="1"/>
</pin_list>
<bind>
<opset="c_0_s (phireg) "/>
</bind>
</comp>

<comp id="92" class="1004" name="c_0_s_phi_fu_92">
<pin_list>
<pin id="93" dir="0" index="0" bw="1" slack="1"/>
<pin id="94" dir="0" index="1" bw="0" slack="2147483647"/>
<pin id="95" dir="0" index="2" bw="32" slack="0"/>
<pin id="96" dir="0" index="3" bw="0" slack="2147483647"/>
<pin id="97" dir="1" index="4" bw="32" slack="0"/>
</pin_list>
<bind>
<opcode="phi(47) " fcode="phi"/>
<opset="c_0_s/2 "/>
</bind>
</comp>

<comp id="100" class="1005" name="c_1_s_reg_100">
<pin_list>
<pin id="101" dir="0" index="0" bw="32" slack="1"/>
<pin id="102" dir="1" index="1" bw="32" slack="1"/>
</pin_list>
<bind>
<opset="c_1_s (phireg) "/>
</bind>
</comp>

<comp id="104" class="1004" name="c_1_s_phi_fu_104">
<pin_list>
<pin id="105" dir="0" index="0" bw="1" slack="1"/>
<pin id="106" dir="0" index="1" bw="0" slack="2147483647"/>
<pin id="107" dir="0" index="2" bw="32" slack="0"/>
<pin id="108" dir="0" index="3" bw="0" slack="2147483647"/>
<pin id="109" dir="1" index="4" bw="32" slack="0"/>
</pin_list>
<bind>
<opcode="phi(47) " fcode="phi"/>
<opset="c_1_s/2 "/>
</bind>
</comp>

<comp id="112" class="1005" name="i1_reg_112">
<pin_list>
<pin id="113" dir="0" index="0" bw="2" slack="1"/>
<pin id="114" dir="1" index="1" bw="2" slack="1"/>
</pin_list>
<bind>
<opset="i1 (phireg) "/>
</bind>
</comp>

<comp id="116" class="1004" name="i1_phi_fu_116">
<pin_list>
<pin id="117" dir="0" index="0" bw="1" slack="1"/>
<pin id="118" dir="0" index="1" bw="0" slack="2147483647"/>
<pin id="119" dir="0" index="2" bw="2" slack="0"/>
<pin id="120" dir="0" index="3" bw="0" slack="2147483647"/>
<pin id="121" dir="1" index="4" bw="2" slack="0"/>
</pin_list>
<bind>
<opcode="phi(47) " fcode="phi"/>
<opset="i1/2 "/>
</bind>
</comp>

<comp id="123" class="1005" name="in_shift_reg_123">
<pin_list>
<pin id="124" dir="0" index="0" bw="29" slack="1"/>
<pin id="125" dir="1" index="1" bw="29" slack="1"/>
</pin_list>
<bind>
<opset="in_shift (phireg) "/>
</bind>
</comp>

<comp id="126" class="1004" name="in_shift_phi_fu_126">
<pin_list>
<pin id="127" dir="0" index="0" bw="29" slack="1"/>
<pin id="128" dir="0" index="1" bw="0" slack="2147483647"/>
<pin id="129" dir="0" index="2" bw="29" slack="2"/>
<pin id="130" dir="0" index="3" bw="0" slack="2147483647"/>
<pin id="131" dir="1" index="4" bw="29" slack="1"/>
</pin_list>
<bind>
<opcode="phi(47) " fcode="phi"/>
<opset="in_shift/3 "/>
</bind>
</comp>

<comp id="133" class="1005" name="shift_reg_133">
<pin_list>
<pin id="134" dir="0" index="0" bw="32" slack="1"/>
<pin id="135" dir="1" index="1" bw="32" slack="1"/>
</pin_list>
<bind>
<opset="shift (phireg) "/>
</bind>
</comp>

<comp id="137" class="1004" name="shift_phi_fu_137">
<pin_list>
<pin id="138" dir="0" index="0" bw="32" slack="1"/>
<pin id="139" dir="0" index="1" bw="0" slack="2147483647"/>
<pin id="140" dir="0" index="2" bw="1" slack="1"/>
<pin id="141" dir="0" index="3" bw="0" slack="2147483647"/>
<pin id="142" dir="1" index="4" bw="32" slack="1"/>
</pin_list>
<bind>
<opcode="phi(47) " fcode="phi"/>
<opset="shift/3 "/>
</bind>
</comp>

<comp id="145" class="1005" name="i2_reg_145">
<pin_list>
<pin id="146" dir="0" index="0" bw="2" slack="1"/>
<pin id="147" dir="1" index="1" bw="2" slack="1"/>
</pin_list>
<bind>
<opset="i2 (phireg) "/>
</bind>
</comp>

<comp id="149" class="1004" name="i2_phi_fu_149">
<pin_list>
<pin id="150" dir="0" index="0" bw="2" slack="0"/>
<pin id="151" dir="0" index="1" bw="0" slack="2147483647"/>
<pin id="152" dir="0" index="2" bw="1" slack="1"/>
<pin id="153" dir="0" index="3" bw="0" slack="2147483647"/>
<pin id="154" dir="1" index="4" bw="2" slack="0"/>
</pin_list>
<bind>
<opcode="phi(47) " fcode="phi"/>
<opset="i2/3 "/>
</bind>
</comp>

<comp id="156" class="1005" name="p_Val2_s_reg_156">
<pin_list>
<pin id="157" dir="0" index="0" bw="29" slack="2147483647"/>
<pin id="158" dir="1" index="1" bw="29" slack="2147483647"/>
</pin_list>
<bind>
<opset="p_Val2_s (phireg) "/>
</bind>
</comp>

<comp id="159" class="1004" name="p_Val2_s_phi_fu_159">
<pin_list>
<pin id="160" dir="0" index="0" bw="29" slack="2"/>
<pin id="161" dir="0" index="1" bw="0" slack="2147483647"/>
<pin id="162" dir="0" index="2" bw="29" slack="1"/>
<pin id="163" dir="0" index="3" bw="0" slack="2147483647"/>
<pin id="164" dir="1" index="4" bw="29" slack="0"/>
</pin_list>
<bind>
<opcode="phi(47) " fcode="phi"/>
<opset="p_Val2_s/5 "/>
</bind>
</comp>

<comp id="166" class="1005" name="shift_1_reg_166">
<pin_list>
<pin id="167" dir="0" index="0" bw="32" slack="2147483647"/>
<pin id="168" dir="1" index="1" bw="32" slack="2147483647"/>
</pin_list>
<bind>
<opset="shift_1 (phireg) "/>
</bind>
</comp>

<comp id="169" class="1004" name="shift_1_phi_fu_169">
<pin_list>
<pin id="170" dir="0" index="0" bw="32" slack="2"/>
<pin id="171" dir="0" index="1" bw="0" slack="2147483647"/>
<pin id="172" dir="0" index="2" bw="32" slack="1"/>
<pin id="173" dir="0" index="3" bw="0" slack="2147483647"/>
<pin id="174" dir="1" index="4" bw="32" slack="0"/>
</pin_list>
<bind>
<opcode="phi(47) " fcode="phi"/>
<opset="shift_1/5 "/>
</bind>
</comp>

<comp id="176" class="1004" name="p_Result_1_fu_176">
<pin_list>
<pin id="177" dir="0" index="0" bw="16" slack="0"/>
<pin id="178" dir="0" index="1" bw="29" slack="0"/>
<pin id="179" dir="0" index="2" bw="5" slack="0"/>
<pin id="180" dir="0" index="3" bw="6" slack="0"/>
<pin id="181" dir="1" index="4" bw="16" slack="0"/>
</pin_list>
<bind>
<opcode="partselect(1002) " fcode="partselect"/>
<opset="p_Result_1/1 "/>
</bind>
</comp>

<comp id="186" class="1004" name="tmp_fu_186">
<pin_list>
<pin id="187" dir="0" index="0" bw="17" slack="0"/>
<pin id="188" dir="0" index="1" bw="16" slack="0"/>
<pin id="189" dir="0" index="2" bw="1" slack="0"/>
<pin id="190" dir="1" index="3" bw="17" slack="0"/>
</pin_list>
<bind>
<opcode="bitconcatenate(1004) " fcode="bitconcatenate"/>
<opset="tmp/1 "/>
</bind>
</comp>

<comp id="194" class="1004" name="out_bits_0_V_fu_194">
<pin_list>
<pin id="195" dir="0" index="0" bw="32" slack="0"/>
<pin id="196" dir="0" index="1" bw="1" slack="0"/>
<pin id="197" dir="0" index="2" bw="17" slack="0"/>
<pin id="198" dir="0" index="3" bw="5" slack="0"/>
<pin id="199" dir="0" index="4" bw="6" slack="0"/>
<pin id="200" dir="1" index="5" bw="32" slack="1"/>
</pin_list>
<bind>
<opcode="partset(1003) " fcode="partset"/>
<opset="out_bits_0_V/1 "/>
</bind>
</comp>

<comp id="206" class="1004" name="tmp_22_fu_206">
<pin_list>
<pin id="207" dir="0" index="0" bw="29" slack="0"/>
<pin id="208" dir="1" index="1" bw="13" slack="0"/>
</pin_list>
<bind>
<opcode="trunc(33) " fcode="trunc"/>
<opset="tmp_22/1 "/>
</bind>
</comp>

<comp id="210" class="1004" name="tmp_5_fu_210">
<pin_list>
<pin id="211" dir="0" index="0" bw="14" slack="0"/>
<pin id="212" dir="0" index="1" bw="13" slack="0"/>
<pin id="213" dir="0" index="2" bw="1" slack="0"/>
<pin id="214" dir="1" index="3" bw="14" slack="0"/>
</pin_list>
<bind>
<opcode="bitconcatenate(1004) " fcode="bitconcatenate"/>
<opset="tmp_5/1 "/>
</bind>
</comp>

<comp id="218" class="1004" name="p_Result_s_fu_218">
<pin_list>
<pin id="219" dir="0" index="0" bw="32" slack="0"/>
<pin id="220" dir="0" index="1" bw="1" slack="0"/>
<pin id="221" dir="0" index="2" bw="14" slack="0"/>
<pin id="222" dir="0" index="3" bw="6" slack="0"/>
<pin id="223" dir="0" index="4" bw="6" slack="0"/>
<pin id="224" dir="1" index="5" bw="32" slack="1"/>
</pin_list>
<bind>
<opcode="partset(1003) " fcode="partset"/>
<opset="p_Result_s/1 "/>
</bind>
</comp>

<comp id="230" class="1004" name="exitcond_fu_230">
<pin_list>
<pin id="231" dir="0" index="0" bw="2" slack="0"/>
<pin id="232" dir="0" index="1" bw="2" slack="0"/>
<pin id="233" dir="1" index="2" bw="1" slack="2147483647"/>
</pin_list>
<bind>
<opcode="icmp(45) " fcode="icmp"/>
<opset="exitcond/2 "/>
</bind>
</comp>

<comp id="236" class="1004" name="i_fu_236">
<pin_list>
<pin id="237" dir="0" index="0" bw="2" slack="0"/>
<pin id="238" dir="0" index="1" bw="1" slack="0"/>
<pin id="239" dir="1" index="2" bw="2" slack="0"/>
</pin_list>
<bind>
<opcode="add(8) " fcode="add"/>
<opset="i/2 "/>
</bind>
</comp>

<comp id="242" class="1004" name="tmp_23_fu_242">
<pin_list>
<pin id="243" dir="0" index="0" bw="2" slack="0"/>
<pin id="244" dir="1" index="1" bw="1" slack="0"/>
</pin_list>
<bind>
<opcode="trunc(33) " fcode="trunc"/>
<opset="tmp_23/2 "/>
</bind>
</comp>

<comp id="246" class="1004" name="tmp_4_fu_246">
<pin_list>
<pin id="247" dir="0" index="0" bw="32" slack="0"/>
<pin id="248" dir="0" index="1" bw="32" slack="1"/>
<pin id="249" dir="0" index="2" bw="6" slack="0"/>
<pin id="250" dir="0" index="3" bw="1" slack="0"/>
<pin id="251" dir="1" index="4" bw="32" slack="0"/>
</pin_list>
<bind>
<opcode="partselect(1002) " fcode="partselect"/>
<opset="tmp_4/2 "/>
</bind>
</comp>

<comp id="255" class="1004" name="tmp_7_fu_255">
<pin_list>
<pin id="256" dir="0" index="0" bw="32" slack="0"/>
<pin id="257" dir="0" index="1" bw="32" slack="1"/>
<pin id="258" dir="0" index="2" bw="6" slack="0"/>
<pin id="259" dir="0" index="3" bw="1" slack="0"/>
<pin id="260" dir="1" index="4" bw="32" slack="0"/>
</pin_list>
<bind>
<opcode="partselect(1002) " fcode="partselect"/>
<opset="tmp_7/2 "/>
</bind>
</comp>

<comp id="264" class="1004" name="p_Result_29_fu_264">
<pin_list>
<pin id="265" dir="0" index="0" bw="1" slack="0"/>
<pin id="266" dir="0" index="1" bw="32" slack="0"/>
<pin id="267" dir="0" index="2" bw="32" slack="0"/>
<pin id="268" dir="1" index="3" bw="32" slack="0"/>
</pin_list>
<bind>
<opcode="select(49) " fcode="select"/>
<opset="p_Result_29/2 "/>
</bind>
</comp>

<comp id="272" class="1004" name="c_0_fu_272">
<pin_list>
<pin id="273" dir="0" index="0" bw="32" slack="0"/>
<pin id="274" dir="0" index="1" bw="32" slack="0"/>
<pin id="275" dir="0" index="2" bw="1" slack="0"/>
<pin id="276" dir="1" index="3" bw="32" slack="0"/>
</pin_list>
<bind>
<opcode="cttz(524) " fcode="cttz"/>
<opset="c_0/2 "/>
</bind>
</comp>

<comp id="280" class="1004" name="c_1_1_fu_280">
<pin_list>
<pin id="281" dir="0" index="0" bw="1" slack="0"/>
<pin id="282" dir="0" index="1" bw="32" slack="0"/>
<pin id="283" dir="0" index="2" bw="32" slack="0"/>
<pin id="284" dir="1" index="3" bw="32" slack="0"/>
</pin_list>
<bind>
<opcode="select(49) " fcode="select"/>
<opset="c_1_1/2 "/>
</bind>
</comp>

<comp id="288" class="1004" name="c_1_2_fu_288">
<pin_list>
<pin id="289" dir="0" index="0" bw="1" slack="0"/>
<pin id="290" dir="0" index="1" bw="32" slack="0"/>
<pin id="291" dir="0" index="2" bw="32" slack="0"/>
<pin id="292" dir="1" index="3" bw="32" slack="0"/>
</pin_list>
<bind>
<opcode="select(49) " fcode="select"/>
<opset="c_1_2/2 "/>
</bind>
</comp>

<comp id="296" class="1004" name="tmp_24_fu_296">
<pin_list>
<pin id="297" dir="0" index="0" bw="1" slack="0"/>
<pin id="298" dir="0" index="1" bw="2" slack="0"/>
<pin id="299" dir="0" index="2" bw="1" slack="0"/>
<pin id="300" dir="1" index="3" bw="1" slack="1"/>
</pin_list>
<bind>
<opcode="bitselect(1000) " fcode="bitselect"/>
<opset="tmp_24/3 "/>
</bind>
</comp>

<comp id="304" class="1004" name="i_1_fu_304">
<pin_list>
<pin id="305" dir="0" index="0" bw="2" slack="0"/>
<pin id="306" dir="0" index="1" bw="1" slack="0"/>
<pin id="307" dir="1" index="2" bw="2" slack="0"/>
</pin_list>
<bind>
<opcode="add(8) " fcode="add"/>
<opset="i_1/3 "/>
</bind>
</comp>

<comp id="310" class="1004" name="tmp_25_fu_310">
<pin_list>
<pin id="311" dir="0" index="0" bw="2" slack="0"/>
<pin id="312" dir="1" index="1" bw="1" slack="0"/>
</pin_list>
<bind>
<opcode="trunc(33) " fcode="trunc"/>
<opset="tmp_25/3 "/>
</bind>
</comp>

<comp id="314" class="1004" name="sh_assign_fu_314">
<pin_list>
<pin id="315" dir="0" index="0" bw="1" slack="0"/>
<pin id="316" dir="0" index="1" bw="32" slack="1"/>
<pin id="317" dir="0" index="2" bw="32" slack="1"/>
<pin id="318" dir="1" index="3" bw="32" slack="0"/>
</pin_list>
<bind>
<opcode="select(49) " fcode="select"/>
<opset="sh_assign/3 "/>
</bind>
</comp>

<comp id="322" class="1004" name="isNeg_fu_322">
<pin_list>
<pin id="323" dir="0" index="0" bw="1" slack="0"/>
<pin id="324" dir="0" index="1" bw="32" slack="0"/>
<pin id="325" dir="0" index="2" bw="6" slack="0"/>
<pin id="326" dir="1" index="3" bw="1" slack="1"/>
</pin_list>
<bind>
<opcode="bitselect(1000) " fcode="bitselect"/>
<opset="isNeg/3 "/>
</bind>
</comp>

<comp id="330" class="1004" name="tmp_8_fu_330">
<pin_list>
<pin id="331" dir="0" index="0" bw="1" slack="0"/>
<pin id="332" dir="0" index="1" bw="32" slack="0"/>
<pin id="333" dir="1" index="2" bw="32" slack="1"/>
</pin_list>
<bind>
<opcode="sub(10) " fcode="sub"/>
<opset="tmp_8/3 "/>
</bind>
</comp>

<comp id="336" class="1004" name="shift_2_fu_336">
<pin_list>
<pin id="337" dir="0" index="0" bw="32" slack="1"/>
<pin id="338" dir="0" index="1" bw="32" slack="1"/>
<pin id="339" dir="1" index="2" bw="32" slack="1"/>
</pin_list>
<bind>
<opcode="add(8) " fcode="add"/>
<opset="shift_2/4 "/>
</bind>
</comp>

<comp id="341" class="1004" name="sh_assign_1_fu_341">
<pin_list>
<pin id="342" dir="0" index="0" bw="1" slack="1"/>
<pin id="343" dir="0" index="1" bw="32" slack="1"/>
<pin id="344" dir="0" index="2" bw="32" slack="1"/>
<pin id="345" dir="1" index="3" bw="32" slack="0"/>
</pin_list>
<bind>
<opcode="select(49) " fcode="select"/>
<opset="sh_assign_1/4 "/>
</bind>
</comp>

<comp id="346" class="1004" name="tmp_9_fu_346">
<pin_list>
<pin id="347" dir="0" index="0" bw="29" slack="1"/>
<pin id="348" dir="1" index="1" bw="32" slack="0"/>
</pin_list>
<bind>
<opcode="zext(34) " fcode="zext"/>
<opset="tmp_9/4 "/>
</bind>
</comp>

<comp id="350" class="1004" name="tmp_s_fu_350">
<pin_list>
<pin id="351" dir="0" index="0" bw="29" slack="0"/>
<pin id="352" dir="0" index="1" bw="32" slack="0"/>
<pin id="353" dir="1" index="2" bw="32" slack="0"/>
</pin_list>
<bind>
<opcode="shl(20) " fcode="shl"/>
<opset="tmp_s/4 "/>
</bind>
</comp>

<comp id="356" class="1004" name="tmp_1_fu_356">
<pin_list>
<pin id="357" dir="0" index="0" bw="29" slack="0"/>
<pin id="358" dir="0" index="1" bw="32" slack="0"/>
<pin id="359" dir="1" index="2" bw="32" slack="0"/>
</pin_list>
<bind>
<opcode="lshr(21) " fcode="lshr"/>
<opset="tmp_1/4 "/>
</bind>
</comp>

<comp id="362" class="1004" name="tmp_27_fu_362">
<pin_list>
<pin id="363" dir="0" index="0" bw="32" slack="0"/>
<pin id="364" dir="1" index="1" bw="29" slack="0"/>
</pin_list>
<bind>
<opcode="trunc(33) " fcode="trunc"/>
<opset="tmp_27/4 "/>
</bind>
</comp>

<comp id="366" class="1004" name="tmp_28_fu_366">
<pin_list>
<pin id="367" dir="0" index="0" bw="32" slack="0"/>
<pin id="368" dir="1" index="1" bw="29" slack="0"/>
</pin_list>
<bind>
<opcode="trunc(33) " fcode="trunc"/>
<opset="tmp_28/4 "/>
</bind>
</comp>

<comp id="370" class="1004" name="in_shift_V_fu_370">
<pin_list>
<pin id="371" dir="0" index="0" bw="1" slack="1"/>
<pin id="372" dir="0" index="1" bw="29" slack="0"/>
<pin id="373" dir="0" index="2" bw="29" slack="0"/>
<pin id="374" dir="1" index="3" bw="29" slack="1"/>
</pin_list>
<bind>
<opcode="select(49) " fcode="select"/>
<opset="in_shift_V/4 "/>
</bind>
</comp>

<comp id="377" class="1004" name="tmp_2_fu_377">
<pin_list>
<pin id="378" dir="0" index="0" bw="32" slack="1"/>
<pin id="379" dir="0" index="1" bw="32" slack="0"/>
<pin id="380" dir="1" index="2" bw="1" slack="2147483647"/>
</pin_list>
<bind>
<opcode="icmp(45) " fcode="icmp"/>
<opset="tmp_2/4 "/>
</bind>
</comp>

<comp id="382" class="1004" name="tmp_3_fu_382">
<pin_list>
<pin id="383" dir="0" index="0" bw="8" slack="0"/>
<pin id="384" dir="0" index="1" bw="9" slack="3"/>
<pin id="385" dir="1" index="2" bw="9" slack="1"/>
</pin_list>
<bind>
<opcode="sub(10) " fcode="sub"/>
<opset="tmp_3/4 "/>
</bind>
</comp>

<comp id="387" class="1004" name="tmp_6_fu_387">
<pin_list>
<pin id="388" dir="0" index="0" bw="29" slack="3"/>
<pin id="389" dir="0" index="1" bw="29" slack="0"/>
<pin id="390" dir="1" index="2" bw="1" slack="1"/>
</pin_list>
<bind>
<opcode="icmp(45) " fcode="icmp"/>
<opset="tmp_6/4 "/>
</bind>
</comp>

<comp id="392" class="1004" name="tmp_3_cast_fu_392">
<pin_list>
<pin id="393" dir="0" index="0" bw="9" slack="1"/>
<pin id="394" dir="1" index="1" bw="32" slack="0"/>
</pin_list>
<bind>
<opcode="sext(35) " fcode="sext"/>
<opset="tmp_3_cast/5 "/>
</bind>
</comp>

<comp id="395" class="1004" name="newexp_fu_395">
<pin_list>
<pin id="396" dir="0" index="0" bw="9" slack="0"/>
<pin id="397" dir="0" index="1" bw="32" slack="0"/>
<pin id="398" dir="1" index="2" bw="32" slack="0"/>
</pin_list>
<bind>
<opcode="sub(10) " fcode="sub"/>
<opset="newexp/5 "/>
</bind>
</comp>

<comp id="401" class="1004" name="tmp_30_fu_401">
<pin_list>
<pin id="402" dir="0" index="0" bw="1" slack="0"/>
<pin id="403" dir="0" index="1" bw="32" slack="0"/>
<pin id="404" dir="0" index="2" bw="6" slack="0"/>
<pin id="405" dir="1" index="3" bw="1" slack="0"/>
</pin_list>
<bind>
<opcode="bitselect(1000) " fcode="bitselect"/>
<opset="tmp_30/5 "/>
</bind>
</comp>

<comp id="409" class="1004" name="or_cond_fu_409">
<pin_list>
<pin id="410" dir="0" index="0" bw="1" slack="0"/>
<pin id="411" dir="0" index="1" bw="1" slack="1"/>
<pin id="412" dir="1" index="2" bw="1" slack="0"/>
</pin_list>
<bind>
<opcode="or(24) " fcode="or"/>
<opset="or_cond/5 "/>
</bind>
</comp>

<comp id="414" class="1004" name="tmp_31_fu_414">
<pin_list>
<pin id="415" dir="0" index="0" bw="32" slack="0"/>
<pin id="416" dir="1" index="1" bw="8" slack="0"/>
</pin_list>
<bind>
<opcode="trunc(33) " fcode="trunc"/>
<opset="tmp_31/5 "/>
</bind>
</comp>

<comp id="418" class="1004" name="phitmp2_fu_418">
<pin_list>
<pin id="419" dir="0" index="0" bw="23" slack="0"/>
<pin id="420" dir="0" index="1" bw="29" slack="0"/>
<pin id="421" dir="0" index="2" bw="4" slack="0"/>
<pin id="422" dir="0" index="3" bw="6" slack="0"/>
<pin id="423" dir="1" index="4" bw="23" slack="0"/>
</pin_list>
<bind>
<opcode="partselect(1002) " fcode="partselect"/>
<opset="phitmp2/5 "/>
</bind>
</comp>

<comp id="428" class="1004" name="p_Val2_22_fu_428">
<pin_list>
<pin id="429" dir="0" index="0" bw="1" slack="0"/>
<pin id="430" dir="0" index="1" bw="23" slack="0"/>
<pin id="431" dir="0" index="2" bw="23" slack="0"/>
<pin id="432" dir="1" index="3" bw="23" slack="0"/>
</pin_list>
<bind>
<opcode="select(49) " fcode="select"/>
<opset="p_Val2_22/5 "/>
</bind>
</comp>

<comp id="436" class="1004" name="out_exp_V_fu_436">
<pin_list>
<pin id="437" dir="0" index="0" bw="1" slack="0"/>
<pin id="438" dir="0" index="1" bw="8" slack="0"/>
<pin id="439" dir="0" index="2" bw="8" slack="0"/>
<pin id="440" dir="1" index="3" bw="8" slack="0"/>
</pin_list>
<bind>
<opcode="select(49) " fcode="select"/>
<opset="out_exp_V/5 "/>
</bind>
</comp>

<comp id="444" class="1004" name="p_Result_30_fu_444">
<pin_list>
<pin id="445" dir="0" index="0" bw="32" slack="0"/>
<pin id="446" dir="0" index="1" bw="1" slack="0"/>
<pin id="447" dir="0" index="2" bw="8" slack="0"/>
<pin id="448" dir="0" index="3" bw="23" slack="0"/>
<pin id="449" dir="1" index="4" bw="32" slack="0"/>
</pin_list>
<bind>
<opcode="bitconcatenate(1004) " fcode="bitconcatenate"/>
<opset="p_Result_30/5 "/>
</bind>
</comp>

<comp id="454" class="1004" name="result_write_assign_fu_454">
<pin_list>
<pin id="455" dir="0" index="0" bw="32" slack="0"/>
<pin id="456" dir="1" index="1" bw="32" slack="2147483647"/>
</pin_list>
<bind>
<opcode="bitcast(44) " fcode="bitcast"/>
<opset="result_write_assign/5 "/>
</bind>
</comp>

<comp id="458" class="1005" name="prescale_read_reg_458">
<pin_list>
<pin id="459" dir="0" index="0" bw="9" slack="3"/>
<pin id="460" dir="1" index="1" bw="9" slack="3"/>
</pin_list>
<bind>
<opset="prescale_read "/>
</bind>
</comp>

<comp id="463" class="1005" name="in_V_read_reg_463">
<pin_list>
<pin id="464" dir="0" index="0" bw="29" slack="2"/>
<pin id="465" dir="1" index="1" bw="29" slack="2"/>
</pin_list>
<bind>
<opset="in_V_read "/>
</bind>
</comp>

<comp id="469" class="1005" name="out_bits_0_V_reg_469">
<pin_list>
<pin id="470" dir="0" index="0" bw="32" slack="1"/>
<pin id="471" dir="1" index="1" bw="32" slack="1"/>
</pin_list>
<bind>
<opset="out_bits_0_V "/>
</bind>
</comp>

<comp id="474" class="1005" name="p_Result_s_reg_474">
<pin_list>
<pin id="475" dir="0" index="0" bw="32" slack="1"/>
<pin id="476" dir="1" index="1" bw="32" slack="1"/>
</pin_list>
<bind>
<opset="p_Result_s "/>
</bind>
</comp>

<comp id="482" class="1005" name="i_reg_482">
<pin_list>
<pin id="483" dir="0" index="0" bw="2" slack="0"/>
<pin id="484" dir="1" index="1" bw="2" slack="0"/>
</pin_list>
<bind>
<opset="i "/>
</bind>
</comp>

<comp id="487" class="1005" name="c_1_1_reg_487">
<pin_list>
<pin id="488" dir="0" index="0" bw="32" slack="0"/>
<pin id="489" dir="1" index="1" bw="32" slack="0"/>
</pin_list>
<bind>
<opset="c_1_1 "/>
</bind>
</comp>

<comp id="492" class="1005" name="c_1_2_reg_492">
<pin_list>
<pin id="493" dir="0" index="0" bw="32" slack="0"/>
<pin id="494" dir="1" index="1" bw="32" slack="0"/>
</pin_list>
<bind>
<opset="c_1_2 "/>
</bind>
</comp>

<comp id="497" class="1005" name="tmp_24_reg_497">
<pin_list>
<pin id="498" dir="0" index="0" bw="1" slack="1"/>
<pin id="499" dir="1" index="1" bw="1" slack="2147483647"/>
</pin_list>
<bind>
<opset="tmp_24 "/>
</bind>
</comp>

<comp id="501" class="1005" name="i_1_reg_501">
<pin_list>
<pin id="502" dir="0" index="0" bw="2" slack="0"/>
<pin id="503" dir="1" index="1" bw="2" slack="0"/>
</pin_list>
<bind>
<opset="i_1 "/>
</bind>
</comp>

<comp id="506" class="1005" name="sh_assign_reg_506">
<pin_list>
<pin id="507" dir="0" index="0" bw="32" slack="1"/>
<pin id="508" dir="1" index="1" bw="32" slack="1"/>
</pin_list>
<bind>
<opset="sh_assign "/>
</bind>
</comp>

<comp id="513" class="1005" name="isNeg_reg_513">
<pin_list>
<pin id="514" dir="0" index="0" bw="1" slack="1"/>
<pin id="515" dir="1" index="1" bw="1" slack="1"/>
</pin_list>
<bind>
<opset="isNeg "/>
</bind>
</comp>

<comp id="519" class="1005" name="tmp_8_reg_519">
<pin_list>
<pin id="520" dir="0" index="0" bw="32" slack="1"/>
<pin id="521" dir="1" index="1" bw="32" slack="1"/>
</pin_list>
<bind>
<opset="tmp_8 "/>
</bind>
</comp>

<comp id="524" class="1005" name="shift_2_reg_524">
<pin_list>
<pin id="525" dir="0" index="0" bw="32" slack="1"/>
<pin id="526" dir="1" index="1" bw="32" slack="1"/>
</pin_list>
<bind>
<opset="shift_2 "/>
</bind>
</comp>

<comp id="530" class="1005" name="in_shift_V_reg_530">
<pin_list>
<pin id="531" dir="0" index="0" bw="29" slack="1"/>
<pin id="532" dir="1" index="1" bw="29" slack="1"/>
</pin_list>
<bind>
<opset="in_shift_V "/>
</bind>
</comp>

<comp id="539" class="1005" name="tmp_3_reg_539">
<pin_list>
<pin id="540" dir="0" index="0" bw="9" slack="1"/>
<pin id="541" dir="1" index="1" bw="9" slack="1"/>
</pin_list>
<bind>
<opset="tmp_3 "/>
</bind>
</comp>

<comp id="544" class="1005" name="tmp_6_reg_544">
<pin_list>
<pin id="545" dir="0" index="0" bw="1" slack="1"/>
<pin id="546" dir="1" index="1" bw="1" slack="1"/>
</pin_list>
<bind>
<opset="tmp_6 "/>
</bind>
</comp>

</comp_list>

<net_list>
<net id="80"><net_src comp="4" pin="0"/><net_sink comp="76" pin=0"/></net>

<net id="81"><net_src comp="2" pin="0"/><net_sink comp="76" pin=1"/></net>

<net id="86"><net_src comp="6" pin="0"/><net_sink comp="82" pin=0"/></net>

<net id="87"><net_src comp="0" pin="0"/><net_sink comp="82" pin=1"/></net>

<net id="91"><net_src comp="20" pin="0"/><net_sink comp="88" pin=0"/></net>

<net id="98"><net_src comp="88" pin="1"/><net_sink comp="92" pin=0"/></net>

<net id="99"><net_src comp="92" pin="4"/><net_sink comp="88" pin=0"/></net>

<net id="103"><net_src comp="20" pin="0"/><net_sink comp="100" pin=0"/></net>

<net id="110"><net_src comp="100" pin="1"/><net_sink comp="104" pin=0"/></net>

<net id="111"><net_src comp="104" pin="4"/><net_sink comp="100" pin=0"/></net>

<net id="115"><net_src comp="32" pin="0"/><net_sink comp="112" pin=0"/></net>

<net id="122"><net_src comp="112" pin="1"/><net_sink comp="116" pin=0"/></net>

<net id="132"><net_src comp="126" pin="4"/><net_sink comp="123" pin=0"/></net>

<net id="136"><net_src comp="44" pin="0"/><net_sink comp="133" pin=0"/></net>

<net id="143"><net_src comp="133" pin="1"/><net_sink comp="137" pin=2"/></net>

<net id="144"><net_src comp="137" pin="4"/><net_sink comp="133" pin=0"/></net>

<net id="148"><net_src comp="32" pin="0"/><net_sink comp="145" pin=0"/></net>

<net id="155"><net_src comp="145" pin="1"/><net_sink comp="149" pin=2"/></net>

<net id="165"><net_src comp="123" pin="1"/><net_sink comp="159" pin=0"/></net>

<net id="175"><net_src comp="133" pin="1"/><net_sink comp="169" pin=0"/></net>

<net id="182"><net_src comp="8" pin="0"/><net_sink comp="176" pin=0"/></net>

<net id="183"><net_src comp="82" pin="2"/><net_sink comp="176" pin=1"/></net>

<net id="184"><net_src comp="10" pin="0"/><net_sink comp="176" pin=2"/></net>

<net id="185"><net_src comp="12" pin="0"/><net_sink comp="176" pin=3"/></net>

<net id="191"><net_src comp="14" pin="0"/><net_sink comp="186" pin=0"/></net>

<net id="192"><net_src comp="176" pin="4"/><net_sink comp="186" pin=1"/></net>

<net id="193"><net_src comp="16" pin="0"/><net_sink comp="186" pin=2"/></net>

<net id="201"><net_src comp="18" pin="0"/><net_sink comp="194" pin=0"/></net>

<net id="202"><net_src comp="20" pin="0"/><net_sink comp="194" pin=1"/></net>

<net id="203"><net_src comp="186" pin="3"/><net_sink comp="194" pin=2"/></net>

<net id="204"><net_src comp="22" pin="0"/><net_sink comp="194" pin=3"/></net>

<net id="205"><net_src comp="24" pin="0"/><net_sink comp="194" pin=4"/></net>

<net id="209"><net_src comp="82" pin="2"/><net_sink comp="206" pin=0"/></net>

<net id="215"><net_src comp="26" pin="0"/><net_sink comp="210" pin=0"/></net>

<net id="216"><net_src comp="206" pin="1"/><net_sink comp="210" pin=1"/></net>

<net id="217"><net_src comp="16" pin="0"/><net_sink comp="210" pin=2"/></net>

<net id="225"><net_src comp="28" pin="0"/><net_sink comp="218" pin=0"/></net>

<net id="226"><net_src comp="20" pin="0"/><net_sink comp="218" pin=1"/></net>

<net id="227"><net_src comp="210" pin="3"/><net_sink comp="218" pin=2"/></net>

<net id="228"><net_src comp="30" pin="0"/><net_sink comp="218" pin=3"/></net>

<net id="229"><net_src comp="24" pin="0"/><net_sink comp="218" pin=4"/></net>

<net id="234"><net_src comp="116" pin="4"/><net_sink comp="230" pin=0"/></net>

<net id="235"><net_src comp="34" pin="0"/><net_sink comp="230" pin=1"/></net>

<net id="240"><net_src comp="116" pin="4"/><net_sink comp="236" pin=0"/></net>

<net id="241"><net_src comp="40" pin="0"/><net_sink comp="236" pin=1"/></net>

<net id="245"><net_src comp="116" pin="4"/><net_sink comp="242" pin=0"/></net>

<net id="252"><net_src comp="42" pin="0"/><net_sink comp="246" pin=0"/></net>

<net id="253"><net_src comp="24" pin="0"/><net_sink comp="246" pin=2"/></net>

<net id="254"><net_src comp="44" pin="0"/><net_sink comp="246" pin=3"/></net>

<net id="261"><net_src comp="42" pin="0"/><net_sink comp="255" pin=0"/></net>

<net id="262"><net_src comp="24" pin="0"/><net_sink comp="255" pin=2"/></net>

<net id="263"><net_src comp="44" pin="0"/><net_sink comp="255" pin=3"/></net>

<net id="269"><net_src comp="242" pin="1"/><net_sink comp="264" pin=0"/></net>

<net id="270"><net_src comp="246" pin="4"/><net_sink comp="264" pin=1"/></net>

<net id="271"><net_src comp="255" pin="4"/><net_sink comp="264" pin=2"/></net>

<net id="277"><net_src comp="46" pin="0"/><net_sink comp="272" pin=0"/></net>

<net id="278"><net_src comp="264" pin="3"/><net_sink comp="272" pin=1"/></net>

<net id="279"><net_src comp="16" pin="0"/><net_sink comp="272" pin=2"/></net>

<net id="285"><net_src comp="242" pin="1"/><net_sink comp="280" pin=0"/></net>

<net id="286"><net_src comp="92" pin="4"/><net_sink comp="280" pin=1"/></net>

<net id="287"><net_src comp="272" pin="3"/><net_sink comp="280" pin=2"/></net>

<net id="293"><net_src comp="242" pin="1"/><net_sink comp="288" pin=0"/></net>

<net id="294"><net_src comp="272" pin="3"/><net_sink comp="288" pin=1"/></net>

<net id="295"><net_src comp="104" pin="4"/><net_sink comp="288" pin=2"/></net>

<net id="301"><net_src comp="48" pin="0"/><net_sink comp="296" pin=0"/></net>

<net id="302"><net_src comp="149" pin="4"/><net_sink comp="296" pin=1"/></net>

<net id="303"><net_src comp="50" pin="0"/><net_sink comp="296" pin=2"/></net>

<net id="308"><net_src comp="149" pin="4"/><net_sink comp="304" pin=0"/></net>

<net id="309"><net_src comp="40" pin="0"/><net_sink comp="304" pin=1"/></net>

<net id="313"><net_src comp="149" pin="4"/><net_sink comp="310" pin=0"/></net>

<net id="319"><net_src comp="310" pin="1"/><net_sink comp="314" pin=0"/></net>

<net id="320"><net_src comp="100" pin="1"/><net_sink comp="314" pin=1"/></net>

<net id="321"><net_src comp="88" pin="1"/><net_sink comp="314" pin=2"/></net>

<net id="327"><net_src comp="54" pin="0"/><net_sink comp="322" pin=0"/></net>

<net id="328"><net_src comp="314" pin="3"/><net_sink comp="322" pin=1"/></net>

<net id="329"><net_src comp="24" pin="0"/><net_sink comp="322" pin=2"/></net>

<net id="334"><net_src comp="44" pin="0"/><net_sink comp="330" pin=0"/></net>

<net id="335"><net_src comp="314" pin="3"/><net_sink comp="330" pin=1"/></net>

<net id="340"><net_src comp="133" pin="1"/><net_sink comp="336" pin=0"/></net>

<net id="349"><net_src comp="123" pin="1"/><net_sink comp="346" pin=0"/></net>

<net id="354"><net_src comp="346" pin="1"/><net_sink comp="350" pin=0"/></net>

<net id="355"><net_src comp="341" pin="3"/><net_sink comp="350" pin=1"/></net>

<net id="360"><net_src comp="346" pin="1"/><net_sink comp="356" pin=0"/></net>

<net id="361"><net_src comp="341" pin="3"/><net_sink comp="356" pin=1"/></net>

<net id="365"><net_src comp="356" pin="2"/><net_sink comp="362" pin=0"/></net>

<net id="369"><net_src comp="350" pin="2"/><net_sink comp="366" pin=0"/></net>

<net id="375"><net_src comp="362" pin="1"/><net_sink comp="370" pin=1"/></net>

<net id="376"><net_src comp="366" pin="1"/><net_sink comp="370" pin=2"/></net>

<net id="381"><net_src comp="56" pin="0"/><net_sink comp="377" pin=1"/></net>

<net id="386"><net_src comp="58" pin="0"/><net_sink comp="382" pin=0"/></net>

<net id="391"><net_src comp="60" pin="0"/><net_sink comp="387" pin=1"/></net>

<net id="399"><net_src comp="392" pin="1"/><net_sink comp="395" pin=0"/></net>

<net id="400"><net_src comp="169" pin="4"/><net_sink comp="395" pin=1"/></net>

<net id="406"><net_src comp="54" pin="0"/><net_sink comp="401" pin=0"/></net>

<net id="407"><net_src comp="395" pin="2"/><net_sink comp="401" pin=1"/></net>

<net id="408"><net_src comp="24" pin="0"/><net_sink comp="401" pin=2"/></net>

<net id="413"><net_src comp="401" pin="3"/><net_sink comp="409" pin=0"/></net>

<net id="417"><net_src comp="395" pin="2"/><net_sink comp="414" pin=0"/></net>

<net id="424"><net_src comp="62" pin="0"/><net_sink comp="418" pin=0"/></net>

<net id="425"><net_src comp="159" pin="4"/><net_sink comp="418" pin=1"/></net>

<net id="426"><net_src comp="64" pin="0"/><net_sink comp="418" pin=2"/></net>

<net id="427"><net_src comp="66" pin="0"/><net_sink comp="418" pin=3"/></net>

<net id="433"><net_src comp="409" pin="2"/><net_sink comp="428" pin=0"/></net>

<net id="434"><net_src comp="68" pin="0"/><net_sink comp="428" pin=1"/></net>

<net id="435"><net_src comp="418" pin="4"/><net_sink comp="428" pin=2"/></net>

<net id="441"><net_src comp="409" pin="2"/><net_sink comp="436" pin=0"/></net>

<net id="442"><net_src comp="70" pin="0"/><net_sink comp="436" pin=1"/></net>

<net id="443"><net_src comp="414" pin="1"/><net_sink comp="436" pin=2"/></net>

<net id="450"><net_src comp="72" pin="0"/><net_sink comp="444" pin=0"/></net>

<net id="451"><net_src comp="74" pin="0"/><net_sink comp="444" pin=1"/></net>

<net id="452"><net_src comp="436" pin="3"/><net_sink comp="444" pin=2"/></net>

<net id="453"><net_src comp="428" pin="3"/><net_sink comp="444" pin=3"/></net>

<net id="457"><net_src comp="444" pin="4"/><net_sink comp="454" pin=0"/></net>

<net id="461"><net_src comp="76" pin="2"/><net_sink comp="458" pin=0"/></net>

<net id="462"><net_src comp="458" pin="1"/><net_sink comp="382" pin=1"/></net>

<net id="466"><net_src comp="82" pin="2"/><net_sink comp="463" pin=0"/></net>

<net id="467"><net_src comp="463" pin="1"/><net_sink comp="126" pin=2"/></net>

<net id="468"><net_src comp="463" pin="1"/><net_sink comp="387" pin=0"/></net>

<net id="472"><net_src comp="194" pin="5"/><net_sink comp="469" pin=0"/></net>

<net id="473"><net_src comp="469" pin="1"/><net_sink comp="255" pin=1"/></net>

<net id="477"><net_src comp="218" pin="5"/><net_sink comp="474" pin=0"/></net>

<net id="478"><net_src comp="474" pin="1"/><net_sink comp="246" pin=1"/></net>

<net id="485"><net_src comp="236" pin="2"/><net_sink comp="482" pin=0"/></net>

<net id="486"><net_src comp="482" pin="1"/><net_sink comp="116" pin=2"/></net>

<net id="490"><net_src comp="280" pin="3"/><net_sink comp="487" pin=0"/></net>

<net id="491"><net_src comp="487" pin="1"/><net_sink comp="92" pin=2"/></net>

<net id="495"><net_src comp="288" pin="3"/><net_sink comp="492" pin=0"/></net>

<net id="496"><net_src comp="492" pin="1"/><net_sink comp="104" pin=2"/></net>

<net id="500"><net_src comp="296" pin="3"/><net_sink comp="497" pin=0"/></net>

<net id="504"><net_src comp="304" pin="2"/><net_sink comp="501" pin=0"/></net>

<net id="505"><net_src comp="501" pin="1"/><net_sink comp="149" pin=0"/></net>

<net id="509"><net_src comp="314" pin="3"/><net_sink comp="506" pin=0"/></net>

<net id="510"><net_src comp="506" pin="1"/><net_sink comp="336" pin=1"/></net>

<net id="511"><net_src comp="506" pin="1"/><net_sink comp="341" pin=2"/></net>

<net id="512"><net_src comp="506" pin="1"/><net_sink comp="377" pin=0"/></net>

<net id="516"><net_src comp="322" pin="3"/><net_sink comp="513" pin=0"/></net>

<net id="517"><net_src comp="513" pin="1"/><net_sink comp="341" pin=0"/></net>

<net id="518"><net_src comp="513" pin="1"/><net_sink comp="370" pin=0"/></net>

<net id="522"><net_src comp="330" pin="2"/><net_sink comp="519" pin=0"/></net>

<net id="523"><net_src comp="519" pin="1"/><net_sink comp="341" pin=1"/></net>

<net id="527"><net_src comp="336" pin="2"/><net_sink comp="524" pin=0"/></net>

<net id="528"><net_src comp="524" pin="1"/><net_sink comp="137" pin=0"/></net>

<net id="529"><net_src comp="524" pin="1"/><net_sink comp="169" pin=2"/></net>

<net id="533"><net_src comp="370" pin="3"/><net_sink comp="530" pin=0"/></net>

<net id="534"><net_src comp="530" pin="1"/><net_sink comp="126" pin=0"/></net>

<net id="535"><net_src comp="530" pin="1"/><net_sink comp="159" pin=2"/></net>

<net id="542"><net_src comp="382" pin="2"/><net_sink comp="539" pin=0"/></net>

<net id="543"><net_src comp="539" pin="1"/><net_sink comp="392" pin=0"/></net>

<net id="547"><net_src comp="387" pin="2"/><net_sink comp="544" pin=0"/></net>

<net id="548"><net_src comp="544" pin="1"/><net_sink comp="409" pin=1"/></net>

</net_list>

</model> 
---------------- Datapath Model END ------------------

* FSMD analyzer results:
  - Output states:
 - Input state : 
	Port: scaled_fixed2ieee : in_V | {1 }
	Port: scaled_fixed2ieee : prescale | {1 }
  - Chain level:
	State 1
		tmp : 1
		out_bits_0_V : 2
		tmp_5 : 1
		p_Result_s : 2
	State 2
		exitcond : 1
		i : 1
		StgValue_21 : 2
		tmp_23 : 1
		p_Result_29 : 2
		c_0 : 3
		c_1_1 : 4
		c_1_2 : 4
	State 3
		tmp_24 : 1
		i_1 : 1
		StgValue_37 : 2
		tmp_25 : 1
		sh_assign : 2
		isNeg : 3
		tmp_8 : 3
	State 4
		tmp_s : 1
		tmp_1 : 1
		tmp_27 : 2
		tmp_28 : 2
		in_shift_V : 3
		StgValue_51 : 1
	State 5
		newexp : 1
		tmp_30 : 2
		or_cond : 3
		tmp_31 : 2
		phitmp2 : 1
		p_Val2_22 : 3
		out_exp_V : 3
		p_Result_30 : 4
		result_write_assign : 5
		StgValue_66 : 6


============================================================
+ Verbose Summary: Datapath Resource usage 
============================================================

* Functional unit list:
|----------|--------------------------|---------|---------|
| Operation|      Functional Unit     |    FF   |   LUT   |
|----------|--------------------------|---------|---------|
|          |       tmp_8_fu_330       |   101   |    37   |
|    sub   |       tmp_3_fu_382       |    32   |    14   |
|          |       newexp_fu_395      |   101   |    37   |
|----------|--------------------------|---------|---------|
|          |    p_Result_29_fu_264    |    0    |    32   |
|          |       c_1_1_fu_280       |    0    |    32   |
|          |       c_1_2_fu_288       |    0    |    32   |
|  select  |     sh_assign_fu_314     |    0    |    32   |
|          |    sh_assign_1_fu_341    |    0    |    32   |
|          |     in_shift_V_fu_370    |    0    |    29   |
|          |     p_Val2_22_fu_428     |    0    |    23   |
|          |     out_exp_V_fu_436     |    0    |    8    |
|----------|--------------------------|---------|---------|
|    shl   |       tmp_s_fu_350       |    99   |   101   |
|----------|--------------------------|---------|---------|
|   lshr   |       tmp_1_fu_356       |    99   |   101   |
|----------|--------------------------|---------|---------|
|          |         i_fu_236         |    11   |    8    |
|    add   |        i_1_fu_304        |    11   |    8    |
|          |      shift_2_fu_336      |   101   |    37   |
|----------|--------------------------|---------|---------|
|   cttz   |        c_0_fu_272        |    40   |    36   |
|----------|--------------------------|---------|---------|
|          |      exitcond_fu_230     |    0    |    1    |
|   icmp   |       tmp_2_fu_377       |    0    |    16   |
|          |       tmp_6_fu_387       |    0    |    16   |
|----------|--------------------------|---------|---------|
|    or    |      or_cond_fu_409      |    0    |    2    |
|----------|--------------------------|---------|---------|
|   read   | prescale_read_read_fu_76 |    0    |    0    |
|          |   in_V_read_read_fu_82   |    0    |    0    |
|----------|--------------------------|---------|---------|
|          |     p_Result_1_fu_176    |    0    |    0    |
|partselect|       tmp_4_fu_246       |    0    |    0    |
|          |       tmp_7_fu_255       |    0    |    0    |
|          |      phitmp2_fu_418      |    0    |    0    |
|----------|--------------------------|---------|---------|
|          |        tmp_fu_186        |    0    |    0    |
|bitconcatenate|       tmp_5_fu_210       |    0    |    0    |
|          |    p_Result_30_fu_444    |    0    |    0    |
|----------|--------------------------|---------|---------|
|  partset |    out_bits_0_V_fu_194   |    0    |    0    |
|          |     p_Result_s_fu_218    |    0    |    0    |
|----------|--------------------------|---------|---------|
|          |       tmp_22_fu_206      |    0    |    0    |
|          |       tmp_23_fu_242      |    0    |    0    |
|   trunc  |       tmp_25_fu_310      |    0    |    0    |
|          |       tmp_27_fu_362      |    0    |    0    |
|          |       tmp_28_fu_366      |    0    |    0    |
|          |       tmp_31_fu_414      |    0    |    0    |
|----------|--------------------------|---------|---------|
|          |       tmp_24_fu_296      |    0    |    0    |
| bitselect|       isNeg_fu_322       |    0    |    0    |
|          |       tmp_30_fu_401      |    0    |    0    |
|----------|--------------------------|---------|---------|
|   zext   |       tmp_9_fu_346       |    0    |    0    |
|----------|--------------------------|---------|---------|
|   sext   |     tmp_3_cast_fu_392    |    0    |    0    |
|----------|--------------------------|---------|---------|
|   Total  |                          |   595   |   634   |
|----------|--------------------------|---------|---------|

Memories:
N/A

* Register list:
+---------------------+--------+
|                     |   FF   |
+---------------------+--------+
|     c_0_s_reg_88    |   32   |
|    c_1_1_reg_487    |   32   |
|    c_1_2_reg_492    |   32   |
|    c_1_s_reg_100    |   32   |
|      i1_reg_112     |    2   |
|      i2_reg_145     |    2   |
|     i_1_reg_501     |    2   |
|      i_reg_482      |    2   |
|  in_V_read_reg_463  |   29   |
|  in_shift_V_reg_530 |   29   |
|   in_shift_reg_123  |   29   |
|    isNeg_reg_513    |    1   |
| out_bits_0_V_reg_469|   32   |
|  p_Result_s_reg_474 |   32   |
|   p_Val2_s_reg_156  |   29   |
|prescale_read_reg_458|    9   |
|  sh_assign_reg_506  |   32   |
|   shift_1_reg_166   |   32   |
|   shift_2_reg_524   |   32   |
|    shift_reg_133    |   32   |
|    tmp_24_reg_497   |    1   |
|    tmp_3_reg_539    |    9   |
|    tmp_6_reg_544    |    1   |
|    tmp_8_reg_519    |   32   |
+---------------------+--------+
|        Total        |   497  |
+---------------------+--------+

* Multiplexer (MUX) list: 
|---------------|------|------|------|--------||---------||---------|
|      Comp     |  Pin | Size |  BW  | S x BW ||  Delay  ||   LUT   |
|---------------|------|------|------|--------||---------||---------|
|  c_0_s_reg_88 |  p0  |   2  |  32  |   64   ||    9    |
| c_1_s_reg_100 |  p0  |   2  |  32  |   64   ||    9    |
| shift_reg_133 |  p0  |   2  |  32  |   64   ||    9    |
|---------------|------|------|------|--------||---------||---------|
|     Total     |      |      |      |   192  ||  4.764  ||    27   |
|---------------|------|------|------|--------||---------||---------|



* Summary:
+-----------+--------+--------+--------+
|           |  Delay |   FF   |   LUT  |
+-----------+--------+--------+--------+
|  Function |    -   |   595  |   634  |
|   Memory  |    -   |    -   |    -   |
|Multiplexer|    4   |    -   |   27   |
|  Register |    -   |   497  |    -   |
+-----------+--------+--------+--------+
|   Total   |    4   |  1092  |   661  |
+-----------+--------+--------+--------+
